#
# There is insufficient memory for the Java Runtime Environment to continue.
# Native memory allocation (malloc) failed to allocate 51545047040 bytes for committing reserved memory.
# Possible reasons:
#   The system is out of physical RAM or swap space
#   In 32 bit mode, the process size limit was hit
# Possible solutions:
#   Reduce memory load on the system
#   Increase physical memory or swap space
#   Check if swap backing store is full
#   Use 64 bit Java on a 64 bit OS
#   Decrease Java heap size (-Xmx/-Xms)
#   Decrease number of Java threads
#   Decrease Java thread stack sizes (-Xss)
#   Set larger code cache with -XX:ReservedCodeCacheSize=
# This output file may be truncated or incomplete.
#
#  Out of Memory Error (os_linux.cpp:2827), pid=14037, tid=140337700358016
#
# JRE version:  (7.0_101) (build )
# Java VM: OpenJDK 64-Bit Server VM (24.95-b01 mixed mode linux-amd64 )
# Derivative: IcedTea 2.6.6
# Distribution: Ubuntu 15.10, package 7u101-2.6.6-0ubuntu0.15.10.1
# Failed to write core dump. Core dumps have been disabled. To enable core dumping, try "ulimit -c unlimited" before starting Java again
#

---------------  T H R E A D  ---------------

Current thread (0x0000000003c46000):  JavaThread "Unknown thread" [_thread_in_vm, id=14037, stack(0x00007ffd579f8000,0x00007ffd57af8000)]

Stack: [0x00007ffd579f8000,0x00007ffd57af8000],  sp=0x00007ffd57ae0ae0,  free space=930k
Native frames: (J=compiled Java code, j=interpreted, Vv=VM code, C=native code)
V  [libjvm.so+0x996303]
V  [libjvm.so+0x48b94f]
V  [libjvm.so+0x802a2b]
V  [libjvm.so+0x7fce1e]
V  [libjvm.so+0x872f2b]
V  [libjvm.so+0x81d042]
V  [libjvm.so+0x86baaf]
V  [libjvm.so+0x8252dd]
V  [libjvm.so+0x960af7]
V  [libjvm.so+0x960e36]
V  [libjvm.so+0x5b68ef]
V  [libjvm.so+0x944b1f]
V  [libjvm.so+0x628299]  JNI_CreateJavaVM+0x69


---------------  P R O C E S S  ---------------

Java Threads: ( => current thread )

Other Threads:

=>0x0000000003c46000 (exited) JavaThread "Unknown thread" [_thread_in_vm, id=14037, stack(0x00007ffd579f8000,0x00007ffd57af8000)]

VM state:not at safepoint (not fully initialized)

VM Mutex/Monitor currently owned by a thread: None

GC Heap History (0 events):
No events

Deoptimization events (0 events):
No events

Internal exceptions (0 events):
No events

Events (0 events):
No events


Dynamic libraries:
00400000-00401000 r-xp 00000000 08:01 7481069                            /usr/lib/R/bin/exec/R
00600000-00601000 r--p 00000000 08:01 7481069                            /usr/lib/R/bin/exec/R
00601000-00602000 rw-p 00001000 08:01 7481069                            /usr/lib/R/bin/exec/R
02035000-03d7c000 rw-p 00000000 00:00 0                                  [heap]
7e216c000000-7e216c021000 rw-p 00000000 00:00 0 
7e216c021000-7e2170000000 ---p 00000000 00:00 0 
7e2174000000-7e2174021000 rw-p 00000000 00:00 0 
7e2174021000-7e2178000000 ---p 00000000 00:00 0 
7e2178000000-7e2178021000 rw-p 00000000 00:00 0 
7e2178021000-7e217c000000 ---p 00000000 00:00 0 
7e217c000000-7e217c021000 rw-p 00000000 00:00 0 
7e217c021000-7e2180000000 ---p 00000000 00:00 0 
7e2180000000-7e2180021000 rw-p 00000000 00:00 0 
7e2180021000-7e2184000000 ---p 00000000 00:00 0 
7e2184000000-7e2184021000 rw-p 00000000 00:00 0 
7e2184021000-7e2188000000 ---p 00000000 00:00 0 
7e2188000000-7e2188021000 rw-p 00000000 00:00 0 
7e2188021000-7e218c000000 ---p 00000000 00:00 0 
7e218c000000-7e218c021000 rw-p 00000000 00:00 0 
7e218c021000-7e2190000000 ---p 00000000 00:00 0 
7e21930a4000-7e21930a5000 ---p 00000000 00:00 0 
7e21930a5000-7e21931a5000 rw-p 00000000 00:00 0 
7e21931a5000-7e21931a6000 ---p 00000000 00:00 0 
7e21931a6000-7e21932a6000 rw-p 00000000 00:00 0 
7e21932a6000-7e21932a7000 ---p 00000000 00:00 0 
7e21932a7000-7e21933a7000 rw-p 00000000 00:00 0 
7e21933a7000-7e21933a8000 ---p 00000000 00:00 0 
7e21933a8000-7e21934a8000 rw-p 00000000 00:00 0 
7e21934a8000-7e21934a9000 ---p 00000000 00:00 0 
7e21934a9000-7e21935a9000 rw-p 00000000 00:00 0 
7e21935a9000-7e21935aa000 ---p 00000000 00:00 0 
7e21935aa000-7e21936aa000 rw-p 00000000 00:00 0 
7e21936aa000-7e21936ab000 ---p 00000000 00:00 0 
7e21936ab000-7e21937ab000 rw-p 00000000 00:00 0 
7e21937ab000-7e21937ac000 ---p 00000000 00:00 0 
7e21937ac000-7e21938d5000 rw-p 00000000 00:00 0 
7e21938d5000-7e22138ac000 rw-p 00000000 00:00 0 
7e22138ac000-7e22138b7000 rw-p 00000000 00:00 0 
7e22138b7000-7e22138ff000 rw-p 00000000 00:00 0 
7e22138ff000-7e2213928000 rw-p 00000000 00:00 0 
7e2213928000-7e22938ff000 rw-p 00000000 00:00 0 
7e22938ff000-7e2293914000 rw-p 00000000 00:00 0 
7e2293914000-7e22d38ff000 rw-p 00000000 00:00 0 
7e22d38ff000-7e22d4e00000 rw-p 00000000 00:00 0 
7e22d4e00000-7e22ddf00000 rw-p 00000000 00:00 0 
7e22ddf00000-7e22e3100000 rw-p 00000000 00:00 0 
7e22e3100000-7f22ddf00000 rw-p 00000000 00:00 0 
7f22ddf00000-7f22e0880000 rw-p 00000000 00:00 0 
7f22e0880000-7fa2ddf00000 rw-p 00000000 00:00 0 
7fa2ddf6d000-7fa2de1dd000 rwxp 00000000 00:00 0 
7fa2de1dd000-7fa2e0f6d000 rw-p 00000000 00:00 0 
7fa2e0f6d000-7fa2e0f75000 r-xp 00000000 08:01 6855651                    /usr/lib/jvm/java-7-openjdk-amd64/jre/lib/amd64/libzip.so
7fa2e0f75000-7fa2e1174000 ---p 00008000 08:01 6855651                    /usr/lib/jvm/java-7-openjdk-amd64/jre/lib/amd64/libzip.so
7fa2e1174000-7fa2e1175000 r--p 00007000 08:01 6855651                    /usr/lib/jvm/java-7-openjdk-amd64/jre/lib/amd64/libzip.so
7fa2e1175000-7fa2e1176000 rw-p 00008000 08:01 6855651                    /usr/lib/jvm/java-7-openjdk-amd64/jre/lib/amd64/libzip.so
7fa2e1176000-7fa2e1180000 r-xp 00000000 08:01 7341125                    /lib/x86_64-linux-gnu/libnss_files-2.21.so
7fa2e1180000-7fa2e1380000 ---p 0000a000 08:01 7341125                    /lib/x86_64-linux-gnu/libnss_files-2.21.so
7fa2e1380000-7fa2e1381000 r--p 0000a000 08:01 7341125                    /lib/x86_64-linux-gnu/libnss_files-2.21.so
7fa2e1381000-7fa2e1382000 rw-p 0000b000 08:01 7341125                    /lib/x86_64-linux-gnu/libnss_files-2.21.so
7fa2e1382000-7fa2e138d000 r-xp 00000000 08:01 7349892                    /lib/x86_64-linux-gnu/libnss_nis-2.21.so
7fa2e138d000-7fa2e158c000 ---p 0000b000 08:01 7349892                    /lib/x86_64-linux-gnu/libnss_nis-2.21.so
7fa2e158c000-7fa2e158d000 r--p 0000a000 08:01 7349892                    /lib/x86_64-linux-gnu/libnss_nis-2.21.so
7fa2e158d000-7fa2e158e000 rw-p 0000b000 08:01 7349892                    /lib/x86_64-linux-gnu/libnss_nis-2.21.so
7fa2e158e000-7fa2e15a5000 r-xp 00000000 08:01 7349897                    /lib/x86_64-linux-gnu/libnsl-2.21.so
7fa2e15a5000-7fa2e17a4000 ---p 00017000 08:01 7349897                    /lib/x86_64-linux-gnu/libnsl-2.21.so
7fa2e17a4000-7fa2e17a5000 r--p 00016000 08:01 7349897                    /lib/x86_64-linux-gnu/libnsl-2.21.so
7fa2e17a5000-7fa2e17a6000 rw-p 00017000 08:01 7349897                    /lib/x86_64-linux-gnu/libnsl-2.21.so
7fa2e17a6000-7fa2e17a8000 rw-p 00000000 00:00 0 
7fa2e17a8000-7fa2e17b0000 r-xp 00000000 08:01 7349880                    /lib/x86_64-linux-gnu/libnss_compat-2.21.so
7fa2e17b0000-7fa2e19af000 ---p 00008000 08:01 7349880                    /lib/x86_64-linux-gnu/libnss_compat-2.21.so
7fa2e19af000-7fa2e19b0000 r--p 00007000 08:01 7349880                    /lib/x86_64-linux-gnu/libnss_compat-2.21.so
7fa2e19b0000-7fa2e19b1000 rw-p 00008000 08:01 7349880                    /lib/x86_64-linux-gnu/libnss_compat-2.21.so
7fa2e19b1000-7fa2e19dd000 r-xp 00000000 08:01 6820975                    /usr/lib/jvm/java-7-openjdk-amd64/jre/lib/amd64/libjava.so
7fa2e19dd000-7fa2e1bdc000 ---p 0002c000 08:01 6820975                    /usr/lib/jvm/java-7-openjdk-amd64/jre/lib/amd64/libjava.so
7fa2e1bdc000-7fa2e1bdd000 r--p 0002b000 08:01 6820975                    /usr/lib/jvm/java-7-openjdk-amd64/jre/lib/amd64/libjava.so
7fa2e1bdd000-7fa2e1bdf000 rw-p 0002c000 08:01 6820975                    /usr/lib/jvm/java-7-openjdk-amd64/jre/lib/amd64/libjava.so
7fa2e1bdf000-7fa2e1bee000 r-xp 00000000 08:01 6820978                    /usr/lib/jvm/java-7-openjdk-amd64/jre/lib/amd64/libverify.so
7fa2e1bee000-7fa2e1ded000 ---p 0000f000 08:01 6820978                    /usr/lib/jvm/java-7-openjdk-amd64/jre/lib/amd64/libverify.so
7fa2e1ded000-7fa2e1def000 r--p 0000e000 08:01 6820978                    /usr/lib/jvm/java-7-openjdk-amd64/jre/lib/amd64/libverify.so
7fa2e1def000-7fa2e1df0000 rw-p 00010000 08:01 6820978                    /usr/lib/jvm/java-7-openjdk-amd64/jre/lib/amd64/libverify.so
7fa2e1df0000-7fa2e2943000 r-xp 00000000 08:01 6855649                    /usr/lib/jvm/java-7-openjdk-amd64/jre/lib/amd64/server/libjvm.so
7fa2e2943000-7fa2e2b42000 ---p 00b53000 08:01 6855649                    /usr/lib/jvm/java-7-openjdk-amd64/jre/lib/amd64/server/libjvm.so
7fa2e2b42000-7fa2e2bd3000 r--p 00b52000 08:01 6855649                    /usr/lib/jvm/java-7-openjdk-amd64/jre/lib/amd64/server/libjvm.so
7fa2e2bd3000-7fa2e2bf6000 rw-p 00be3000 08:01 6855649                    /usr/lib/jvm/java-7-openjdk-amd64/jre/lib/amd64/server/libjvm.so
7fa2e2bf6000-7fa2e2c23000 rw-p 00000000 00:00 0 
7fa2e2c23000-7fa2e2c32000 r-xp 00000000 08:01 8520404                    /usr/lib/R/site-library/rJava/libs/rJava.so
7fa2e2c32000-7fa2e2e31000 ---p 0000f000 08:01 8520404                    /usr/lib/R/site-library/rJava/libs/rJava.so
7fa2e2e31000-7fa2e2e32000 r--p 0000e000 08:01 8520404                    /usr/lib/R/site-library/rJava/libs/rJava.so
7fa2e2e32000-7fa2e2e33000 rw-p 0000f000 08:01 8520404                    /usr/lib/R/site-library/rJava/libs/rJava.so
7fa2e2e33000-7fa2e2e58000 r-xp 00000000 08:05 5382047                    /home/jeff/R/x86_64-pc-linux-gnu-library/3.2/pryr/libs/pryr.so
7fa2e2e58000-7fa2e3058000 ---p 00025000 08:05 5382047                    /home/jeff/R/x86_64-pc-linux-gnu-library/3.2/pryr/libs/pryr.so
7fa2e3058000-7fa2e3059000 r--p 00025000 08:05 5382047                    /home/jeff/R/x86_64-pc-linux-gnu-library/3.2/pryr/libs/pryr.so
7fa2e3059000-7fa2e305a000 rw-p 00026000 08:05 5382047                    /home/jeff/R/x86_64-pc-linux-gnu-library/3.2/pryr/libs/pryr.so
7fa2e305a000-7fa2e305b000 rw-p 00000000 00:00 0 
7fa2e305b000-7fa2e4911000 r-xp 00000000 08:01 6559574                    /usr/lib/x86_64-linux-gnu/libicudata.so.55.1
7fa2e4911000-7fa2e4b10000 ---p 018b6000 08:01 6559574                    /usr/lib/x86_64-linux-gnu/libicudata.so.55.1
7fa2e4b10000-7fa2e4b11000 r--p 018b5000 08:01 6559574                    /usr/lib/x86_64-linux-gnu/libicudata.so.55.1
7fa2e4b11000-7fa2e4b12000 rw-p 018b6000 08:01 6559574                    /usr/lib/x86_64-linux-gnu/libicudata.so.55.1
7fa2e4b12000-7fa2e4c91000 r-xp 00000000 08:01 6559570                    /usr/lib/x86_64-linux-gnu/libicuuc.so.55.1
7fa2e4c91000-7fa2e4e91000 ---p 0017f000 08:01 6559570                    /usr/lib/x86_64-linux-gnu/libicuuc.so.55.1
7fa2e4e91000-7fa2e4ea1000 r--p 0017f000 08:01 6559570                    /usr/lib/x86_64-linux-gnu/libicuuc.so.55.1
7fa2e4ea1000-7fa2e4ea2000 rw-p 0018f000 08:01 6559570                    /usr/lib/x86_64-linux-gnu/libicuuc.so.55.1
7fa2e4ea2000-7fa2e4ea6000 rw-p 00000000 00:00 0 
7fa2e4ea6000-7fa2e50fa000 r-xp 00000000 08:01 6559573                    /usr/lib/x86_64-linux-gnu/libicui18n.so.55.1
7fa2e50fa000-7fa2e52f9000 ---p 00254000 08:01 6559573                    /usr/lib/x86_64-linux-gnu/libicui18n.so.55.1
7fa2e52f9000-7fa2e5308000 r--p 00253000 08:01 6559573                    /usr/lib/x86_64-linux-gnu/libicui18n.so.55.1
7fa2e5308000-7fa2e5309000 rw-p 00262000 08:01 6559573                    /usr/lib/x86_64-linux-gnu/libicui18n.so.55.1
7fa2e5309000-7fa2e5378000 r-xp 00000000 08:05 5249110                    /home/jeff/R/x86_64-pc-linux-gnu-library/3.2/stringi/libs/stringi.so
7fa2e5378000-7fa2e5577000 ---p 0006f000 08:05 5249110                    /home/jeff/R/x86_64-pc-linux-gnu-library/3.2/stringi/libs/stringi.so
7fa2e5577000-7fa2e5579000 r--p 0006e000 08:05 5249110                    /home/jeff/R/x86_64-pc-linux-gnu-library/3.2/stringi/libs/stringi.so
7fa2e5579000-7fa2e557a000 rw-p 00070000 08:05 5249110                    /home/jeff/R/x86_64-pc-linux-gnu-library/3.2/stringi/libs/stringi.so
7fa2e557a000-7fa2e558e000 r-xp 00000000 08:01 7492048                    /usr/lib/R/library/tools/libs/tools.so
7fa2e558e000-7fa2e578e000 ---p 00014000 08:01 7492048                    /usr/lib/R/library/tools/libs/tools.so
7fa2e578e000-7fa2e578f000 r--p 00014000 08:01 7492048                    /usr/lib/R/library/tools/libs/tools.so
7fa2e578f000-7fa2e5790000 rw-p 00015000 08:01 7492048                    /usr/lib/R/library/tools/libs/tools.so
7fa2e5790000-7fa2e5903000 r-xp 00000000 08:01 6559605                    /usr/lib/x86_64-linux-gnu/libstdc++.so.6.0.21
7fa2e5903000-7fa2e5b02000 ---p 00173000 08:01 6559605                    /usr/lib/x86_64-linux-gnu/libstdc++.so.6.0.21
7fa2e5b02000-7fa2e5b0c000 r--p 00172000 08:01 6559605                    /usr/lib/x86_64-linux-gnu/libstdc++.so.6.0.21
7fa2e5b0c000-7fa2e5b0e000 rw-p 0017c000 08:01 6559605                    /usr/lib/x86_64-linux-gnu/libstdc++.so.6.0.21
7fa2e5b0e000-7fa2e5b12000 rw-p 00000000 00:00 0 
7fa2e5b12000-7fa2e5b67000 r-xp 00000000 08:05 5380270                    /home/jeff/R/x86_64-pc-linux-gnu-library/3.2/Rcpp/libs/Rcpp.so
7fa2e5b67000-7fa2e5d66000 ---p 00055000 08:05 5380270                    /home/jeff/R/x86_64-pc-linux-gnu-library/3.2/Rcpp/libs/Rcpp.so
7fa2e5d66000-7fa2e5d67000 r--p 00054000 08:05 5380270                    /home/jeff/R/x86_64-pc-linux-gnu-library/3.2/Rcpp/libs/Rcpp.so
7fa2e5d67000-7fa2e5d68000 rw-p 00055000 08:05 5380270                    /home/jeff/R/x86_64-pc-linux-gnu-library/3.2/Rcpp/libs/Rcpp.so
7fa2e5d68000-7fa2e5d6f000 rw-p 00000000 00:00 0 
7fa2e5d9c000-7fa2e5da7000 rw-p 00000000 00:00 0 
7fa2e5da7000-7fa2e5def000 rw-p 00000000 00:00 0 
7fa2e5def000-7fa2e5df9000 rw-p 00000000 00:00 0 
7fa2e5df9000-7fa2e5eaf000 rw-p 00000000 00:00 0 
7fa2e5eaf000-7fa2e60f2000 rw-p 00000000 00:00 0 
7fa2e60f2000-7fa2e60fa000 r-xp 00000000 08:01 7491984                    /usr/lib/R/library/methods/libs/methods.so
7fa2e60fa000-7fa2e62f9000 ---p 00008000 08:01 7491984                    /usr/lib/R/library/methods/libs/methods.so
7fa2e62f9000-7fa2e62fa000 r--p 00007000 08:01 7491984                    /usr/lib/R/library/methods/libs/methods.so
7fa2e62fa000-7fa2e62fb000 rw-p 00008000 08:01 7491984                    /usr/lib/R/library/methods/libs/methods.so
7fa2e62fb000-7fa2e6339000 r-xp 00000000 08:01 6564631                    /usr/lib/x86_64-linux-gnu/libquadmath.so.0.0.0
7fa2e6339000-7fa2e6538000 ---p 0003e000 08:01 6564631                    /usr/lib/x86_64-linux-gnu/libquadmath.so.0.0.0
7fa2e6538000-7fa2e6539000 r--p 0003d000 08:01 6564631                    /usr/lib/x86_64-linux-gnu/libquadmath.so.0.0.0
7fa2e6539000-7fa2e653a000 rw-p 0003e000 08:01 6564631                    /usr/lib/x86_64-linux-gnu/libquadmath.so.0.0.0
7fa2e653a000-7fa2e6550000 r-xp 00000000 08:01 7340047                    /lib/x86_64-linux-gnu/libgcc_s.so.1
7fa2e6550000-7fa2e674f000 ---p 00016000 08:01 7340047                    /lib/x86_64-linux-gnu/libgcc_s.so.1
7fa2e674f000-7fa2e6750000 r--p 00015000 08:01 7340047                    /lib/x86_64-linux-gnu/libgcc_s.so.1
7fa2e6750000-7fa2e6751000 rw-p 00016000 08:01 7340047                    /lib/x86_64-linux-gnu/libgcc_s.so.1
7fa2e6751000-7fa2e6879000 r-xp 00000000 08:01 6556564                    /usr/lib/x86_64-linux-gnu/libgfortran.so.3.0.0
7fa2e6879000-7fa2e6a79000 ---p 00128000 08:01 6556564                    /usr/lib/x86_64-linux-gnu/libgfortran.so.3.0.0
7fa2e6a79000-7fa2e6a7a000 r--p 00128000 08:01 6556564                    /usr/lib/x86_64-linux-gnu/libgfortran.so.3.0.0
7fa2e6a7a000-7fa2e6a7c000 rw-p 00129000 08:01 6556564                    /usr/lib/x86_64-linux-gnu/libgfortran.so.3.0.0
7fa2e6a7c000-7fa2e7026000 r-xp 00000000 08:01 7476439                    /usr/lib/lapack/liblapack.so.3.0
7fa2e7026000-7fa2e7225000 ---p 005aa000 08:01 7476439                    /usr/lib/lapack/liblapack.so.3.0
7fa2e7225000-7fa2e7226000 r--p 005a9000 08:01 7476439                    /usr/lib/lapack/liblapack.so.3.0
7fa2e7226000-7fa2e722a000 rw-p 005aa000 08:01 7476439                    /usr/lib/lapack/liblapack.so.3.0
7fa2e7252000-7fa2e72f4000 r-xp 00000000 08:01 7491902                    /usr/lib/R/library/stats/libs/stats.so
7fa2e72f4000-7fa2e74f4000 ---p 000a2000 08:01 7491902                    /usr/lib/R/library/stats/libs/stats.so
7fa2e74f4000-7fa2e74f6000 r--p 000a2000 08:01 7491902                    /usr/lib/R/library/stats/libs/stats.so
7fa2e74f6000-7fa2e74f7000 rw-p 000a4000 08:01 7491902                    /usr/lib/R/library/stats/libs/stats.so
7fa2e74f7000-7fa2e762b000 rw-p 00000000 00:00 0 
7fa2e762b000-7fa2e7669000 r-xp 00000000 08:01 7492001                    /usr/lib/R/library/graphics/libs/graphics.so
7fa2e7669000-7fa2e7869000 ---p 0003e000 08:01 7492001                    /usr/lib/R/library/graphics/libs/graphics.so
7fa2e7869000-7fa2e786a000 r--p 0003e000 08:01 7492001                    /usr/lib/R/library/graphics/libs/graphics.so
7fa2e786a000-7fa2e786b000 rw-p 0003f000 08:01 7492001                    /usr/lib/R/library/graphics/libs/graphics.so
7fa2e786b000-7fa2e78a9000 rw-p 00000000 00:00 0 
7fa2e78a9000-7fa2e78dd000 r-xp 00000000 08:01 7612445                    /usr/lib/R/library/grDevices/libs/grDevices.so
7fa2e78dd000-7fa2e7add000 ---p 00034000 08:01 7612445                    /usr/lib/R/library/grDevices/libs/grDevices.so
7fa2e7add000-7fa2e7ae2000 r--p 00034000 08:01 7612445                    /usr/lib/R/library/grDevices/libs/grDevices.so
7fa2e7ae2000-7fa2e7ae4000 rw-p 00039000 08:01 7612445                    /usr/lib/R/library/grDevices/libs/grDevices.so
7fa2e7ae4000-7fa2e7ae5000 rw-p 00000000 00:00 0 
7fa2e7ae5000-7fa2e7aef000 r-xp 00000000 08:01 7612387                    /usr/lib/R/library/utils/libs/utils.so
7fa2e7aef000-7fa2e7cef000 ---p 0000a000 08:01 7612387                    /usr/lib/R/library/utils/libs/utils.so
7fa2e7cef000-7fa2e7cf0000 r--p 0000a000 08:01 7612387                    /usr/lib/R/library/utils/libs/utils.so
7fa2e7cf0000-7fa2e7cf1000 rw-p 0000b000 08:01 7612387                    /usr/lib/R/library/utils/libs/utils.so
7fa2e7cf1000-7fa2e7f26000 rw-p 00000000 00:00 0 
7fa2e7f26000-7fa2e8609000 r--p 00000000 08:01 6561029                    /usr/lib/locale/locale-archive
7fa2e8609000-7fa2e862e000 r-xp 00000000 08:01 7344214                    /lib/x86_64-linux-gnu/libtinfo.so.5.9
7fa2e862e000-7fa2e882d000 ---p 00025000 08:01 7344214                    /lib/x86_64-linux-gnu/libtinfo.so.5.9
7fa2e882d000-7fa2e8831000 r--p 00024000 08:01 7344214                    /lib/x86_64-linux-gnu/libtinfo.so.5.9
7fa2e8831000-7fa2e8832000 rw-p 00028000 08:01 7344214                    /lib/x86_64-linux-gnu/libtinfo.so.5.9
7fa2e8832000-7fa2e8853000 r-xp 00000000 08:01 6562606                    /usr/lib/x86_64-linux-gnu/libgomp.so.1.0.0
7fa2e8853000-7fa2e8a52000 ---p 00021000 08:01 6562606                    /usr/lib/x86_64-linux-gnu/libgomp.so.1.0.0
7fa2e8a52000-7fa2e8a53000 r--p 00020000 08:01 6562606                    /usr/lib/x86_64-linux-gnu/libgomp.so.1.0.0
7fa2e8a53000-7fa2e8a54000 rw-p 00021000 08:01 6562606                    /usr/lib/x86_64-linux-gnu/libgomp.so.1.0.0
7fa2e8a54000-7fa2e8a57000 r-xp 00000000 08:01 7349885                    /lib/x86_64-linux-gnu/libdl-2.21.so
7fa2e8a57000-7fa2e8c56000 ---p 00003000 08:01 7349885                    /lib/x86_64-linux-gnu/libdl-2.21.so
7fa2e8c56000-7fa2e8c57000 r--p 00002000 08:01 7349885                    /lib/x86_64-linux-gnu/libdl-2.21.so
7fa2e8c57000-7fa2e8c58000 rw-p 00003000 08:01 7349885                    /lib/x86_64-linux-gnu/libdl-2.21.so
7fa2e8c58000-7fa2e8c5f000 r-xp 00000000 08:01 7349879                    /lib/x86_64-linux-gnu/librt-2.21.so
7fa2e8c5f000-7fa2e8e5e000 ---p 00007000 08:01 7349879                    /lib/x86_64-linux-gnu/librt-2.21.so
7fa2e8e5e000-7fa2e8e5f000 r--p 00006000 08:01 7349879                    /lib/x86_64-linux-gnu/librt-2.21.so
7fa2e8e5f000-7fa2e8e60000 rw-p 00007000 08:01 7349879                    /lib/x86_64-linux-gnu/librt-2.21.so
7fa2e8e60000-7fa2e8e79000 r-xp 00000000 08:01 7345011                    /lib/x86_64-linux-gnu/libz.so.1.2.8
7fa2e8e79000-7fa2e9078000 ---p 00019000 08:01 7345011                    /lib/x86_64-linux-gnu/libz.so.1.2.8
7fa2e9078000-7fa2e9079000 r--p 00018000 08:01 7345011                    /lib/x86_64-linux-gnu/libz.so.1.2.8
7fa2e9079000-7fa2e907a000 rw-p 00019000 08:01 7345011                    /lib/x86_64-linux-gnu/libz.so.1.2.8
7fa2e907a000-7fa2e9089000 r-xp 00000000 08:01 7345201                    /lib/x86_64-linux-gnu/libbz2.so.1.0.4
7fa2e9089000-7fa2e9288000 ---p 0000f000 08:01 7345201                    /lib/x86_64-linux-gnu/libbz2.so.1.0.4
7fa2e9288000-7fa2e9289000 r--p 0000e000 08:01 7345201                    /lib/x86_64-linux-gnu/libbz2.so.1.0.4
7fa2e9289000-7fa2e928a000 rw-p 0000f000 08:01 7345201                    /lib/x86_64-linux-gnu/libbz2.so.1.0.4
7fa2e928a000-7fa2e92ab000 r-xp 00000000 08:01 7344361                    /lib/x86_64-linux-gnu/liblzma.so.5.0.0
7fa2e92ab000-7fa2e94aa000 ---p 00021000 08:01 7344361                    /lib/x86_64-linux-gnu/liblzma.so.5.0.0
7fa2e94aa000-7fa2e94ab000 r--p 00020000 08:01 7344361                    /lib/x86_64-linux-gnu/liblzma.so.5.0.0
7fa2e94ab000-7fa2e94ac000 rw-p 00021000 08:01 7344361                    /lib/x86_64-linux-gnu/liblzma.so.5.0.0
7fa2e94ac000-7fa2e9518000 r-xp 00000000 08:01 7340128                    /lib/x86_64-linux-gnu/libpcre.so.3.13.1
7fa2e9518000-7fa2e9718000 ---p 0006c000 08:01 7340128                    /lib/x86_64-linux-gnu/libpcre.so.3.13.1
7fa2e9718000-7fa2e9719000 r--p 0006c000 08:01 7340128                    /lib/x86_64-linux-gnu/libpcre.so.3.13.1
7fa2e9719000-7fa2e971a000 rw-p 0006d000 08:01 7340128                    /lib/x86_64-linux-gnu/libpcre.so.3.13.1
7fa2e971a000-7fa2e9757000 r-xp 00000000 08:01 7344443                    /lib/x86_64-linux-gnu/libreadline.so.6.3
7fa2e9757000-7fa2e9957000 ---p 0003d000 08:01 7344443                    /lib/x86_64-linux-gnu/libreadline.so.6.3
7fa2e9957000-7fa2e9959000 r--p 0003d000 08:01 7344443                    /lib/x86_64-linux-gnu/libreadline.so.6.3
7fa2e9959000-7fa2e995f000 rw-p 0003f000 08:01 7344443                    /lib/x86_64-linux-gnu/libreadline.so.6.3
7fa2e995f000-7fa2e9960000 rw-p 00000000 00:00 0 
7fa2e9960000-7fa2e9a67000 r-xp 00000000 08:01 7349881                    /lib/x86_64-linux-gnu/libm-2.21.so
7fa2e9a67000-7fa2e9c66000 ---p 00107000 08:01 7349881                    /lib/x86_64-linux-gnu/libm-2.21.so
7fa2e9c66000-7fa2e9c67000 r--p 00106000 08:01 7349881                    /lib/x86_64-linux-gnu/libm-2.21.so
7fa2e9c67000-7fa2e9c68000 rw-p 00107000 08:01 7349881                    /lib/x86_64-linux-gnu/libm-2.21.so
7fa2e9c68000-7fa2e9ce7000 r-xp 00000000 08:01 7474701                    /usr/lib/libblas/libblas.so.3.0
7fa2e9ce7000-7fa2e9ee6000 ---p 0007f000 08:01 7474701                    /usr/lib/libblas/libblas.so.3.0
7fa2e9ee6000-7fa2e9ee7000 r--p 0007e000 08:01 7474701                    /usr/lib/libblas/libblas.so.3.0
7fa2e9ee7000-7fa2e9ee8000 rw-p 0007f000 08:01 7474701                    /usr/lib/libblas/libblas.so.3.0
7fa2e9ee8000-7fa2ea0a8000 r-xp 00000000 08:01 7349900                    /lib/x86_64-linux-gnu/libc-2.21.so
7fa2ea0a8000-7fa2ea2a8000 ---p 001c0000 08:01 7349900                    /lib/x86_64-linux-gnu/libc-2.21.so
7fa2ea2a8000-7fa2ea2ac000 r--p 001c0000 08:01 7349900                    /lib/x86_64-linux-gnu/libc-2.21.so
7fa2ea2ac000-7fa2ea2ae000 rw-p 001c4000 08:01 7349900                    /lib/x86_64-linux-gnu/libc-2.21.so
7fa2ea2ae000-7fa2ea2b2000 rw-p 00000000 00:00 0 
7fa2ea2b2000-7fa2ea2ca000 r-xp 00000000 08:01 7349882                    /lib/x86_64-linux-gnu/libpthread-2.21.so
7fa2ea2ca000-7fa2ea4ca000 ---p 00018000 08:01 7349882                    /lib/x86_64-linux-gnu/libpthread-2.21.so
7fa2ea4ca000-7fa2ea4cb000 r--p 00018000 08:01 7349882                    /lib/x86_64-linux-gnu/libpthread-2.21.so
7fa2ea4cb000-7fa2ea4cc000 rw-p 00019000 08:01 7349882                    /lib/x86_64-linux-gnu/libpthread-2.21.so
7fa2ea4cc000-7fa2ea4d0000 rw-p 00000000 00:00 0 
7fa2ea4d0000-7fa2ea76e000 r-xp 00000000 08:01 7482145                    /usr/lib/R/lib/libR.so
7fa2ea76e000-7fa2ea96e000 ---p 0029e000 08:01 7482145                    /usr/lib/R/lib/libR.so
7fa2ea96e000-7fa2ea98b000 r--p 0029e000 08:01 7482145                    /usr/lib/R/lib/libR.so
7fa2ea98b000-7fa2ea996000 rw-p 002bb000 08:01 7482145                    /usr/lib/R/lib/libR.so
7fa2ea996000-7fa2eaa83000 rw-p 00000000 00:00 0 
7fa2eaa83000-7fa2eaaa7000 r-xp 00000000 08:01 7349898                    /lib/x86_64-linux-gnu/ld-2.21.so
7fa2eaab4000-7fa2eac7c000 rw-p 00000000 00:00 0 
7fa2eac90000-7fa2eac92000 rw-p 00000000 00:00 0 
7fa2eac92000-7fa2eac9a000 rw-s 00000000 08:01 3539078                    /tmp/hsperfdata_jeff/14037
7fa2eac9a000-7fa2eac9b000 rw-p 00000000 00:00 0 
7fa2eac9b000-7fa2eac9c000 r--p 00000000 00:00 0 
7fa2eac9c000-7fa2eaca3000 r--s 00000000 08:01 6820896                    /usr/lib/x86_64-linux-gnu/gconv/gconv-modules.cache
7fa2eaca3000-7fa2eaca6000 rw-p 00000000 00:00 0 
7fa2eaca6000-7fa2eaca7000 r--p 00023000 08:01 7349898                    /lib/x86_64-linux-gnu/ld-2.21.so
7fa2eaca7000-7fa2eaca8000 rw-p 00024000 08:01 7349898                    /lib/x86_64-linux-gnu/ld-2.21.so
7fa2eaca8000-7fa2eaca9000 rw-p 00000000 00:00 0 
7ffd579f8000-7ffd579fb000 ---p 00000000 00:00 0 
7ffd579fc000-7ffd57af8000 rw-p 00000000 00:00 0                          [stack]
7ffd57b0b000-7ffd57b0d000 r--p 00000000 00:00 0                          [vvar]
7ffd57b0d000-7ffd57b0f000 r-xp 00000000 00:00 0                          [vdso]
ffffffffff600000-ffffffffff601000 r-xp 00000000 00:00 0                  [vsyscall]

VM Arguments:
jvm_args: -Xmx1536g -Xrs vfprintf exit 
java_command: <unknown>
Launcher Type: generic

Environment Variables:
JAVA_HOME=/usr/lib/jvm/java-1.7.0-openjdk-amd64/
CLASSPATH=:/usr/local/flume/lib/*:/usr/local/apache-log4j-2.7-bin/*
PATH=/home/jeff/bin:/usr/local/sbin:/usr/local/bin:/usr/sbin:/usr/bin:/sbin:/bin:/usr/games:/usr/local/games:/usr/lib/jvm/java-8-oracle/bin:/usr/lib/jvm/java-8-oracle/db/bin:/usr/lib/jvm/java-8-oracle/jre/bin:/usr/local/MATLAB/R2015b/bin:/usr/local/flume/bin:/usr/local/apache-log4j-2.7-bin
LD_LIBRARY_PATH=/usr/lib/R/lib:/usr/lib/x86_64-linux-gnu:/usr/lib/jvm/java-1.7.0-openjdk-amd64//jre/lib/amd64/server:/usr/lib/jvm/java-1.7.0-openjdk-amd64//jre/lib/amd64:/usr/lib/jvm/java-1.7.0-openjdk-amd64//jre/lib/amd64/server:@JAVA_LD@
SHELL=/bin/bash
DISPLAY=:0

Signal Handlers:
SIGSEGV: [libjvm.so+0x996e60], sa_mask[0]=0x7ffbfeff, sa_flags=0x10000004
SIGBUS: [libjvm.so+0x996e60], sa_mask[0]=0x7ffbfeff, sa_flags=0x10000004
SIGFPE: [libjvm.so+0x7fdc90], sa_mask[0]=0x7ffbfeff, sa_flags=0x10000004
SIGPIPE: [libjvm.so+0x7fdc90], sa_mask[0]=0x7ffbfeff, sa_flags=0x10000004
SIGXFSZ: [libjvm.so+0x7fdc90], sa_mask[0]=0x7ffbfeff, sa_flags=0x10000004
SIGILL: [libjvm.so+0x7fdc90], sa_mask[0]=0x7ffbfeff, sa_flags=0x10000004
SIGUSR1: [libR.so+0xef440], sa_mask[0]=0x00000200, sa_flags=0x10000000
SIGUSR2: [libjvm.so+0x7fdb10], sa_mask[0]=0x00000000, sa_flags=0x10000004
SIGHUP: SIG_DFL, sa_mask[0]=0x00000000, sa_flags=0x00000000
SIGINT: [libR.so+0x12c650], sa_mask[0]=0x00000002, sa_flags=0x10000000
SIGTERM: SIG_DFL, sa_mask[0]=0x00000000, sa_flags=0x00000000
SIGQUIT: SIG_DFL, sa_mask[0]=0x00000000, sa_flags=0x00000000
SIGTRAP: SIG_DFL, sa_mask[0]=0x00000000, sa_flags=0x00000000


---------------  S Y S T E M  ---------------

OS:Ubuntu 15.10 (wily)
uname:Linux 4.2.0-42-generic #49-Ubuntu SMP Tue Jun 28 21:26:26 UTC 2016 x86_64
libc:glibc 2.21 NPTL 2.21 
rlimit: STACK 8192k, CORE 0k, NPROC 31464, NOFILE 65536, AS infinity
load average:0.42 2.54 2.19

/proc/meminfo:
MemTotal:        8093568 kB
MemFree:         6656360 kB
MemAvailable:    6667116 kB
Buffers:           20408 kB
Cached:           379364 kB
SwapCached:            0 kB
Active:           948664 kB
Inactive:         277504 kB
Active(anon):     850856 kB
Inactive(anon):   216048 kB
Active(file):      97808 kB
Inactive(file):    61456 kB
Unevictable:        8264 kB
Mlocked:            8264 kB
SwapTotal:             0 kB
SwapFree:              0 kB
Dirty:               180 kB
Writeback:             0 kB
AnonPages:        834696 kB
Mapped:           131948 kB
Shmem:            233228 kB
Slab:              74116 kB
SReclaimable:      31192 kB
SUnreclaim:        42924 kB
KernelStack:       10320 kB
PageTables:        37608 kB
NFS_Unstable:          0 kB
Bounce:                0 kB
WritebackTmp:          0 kB
CommitLimit:     4046784 kB
Committed_AS:    5175432 kB
VmallocTotal:   34359738367 kB
VmallocUsed:      381376 kB
VmallocChunk:   34358947836 kB
HardwareCorrupted:     0 kB
AnonHugePages:    339968 kB
CmaTotal:              0 kB
CmaFree:               0 kB
HugePages_Total:       0
HugePages_Free:        0
HugePages_Rsvd:        0
HugePages_Surp:        0
Hugepagesize:       2048 kB
DirectMap4k:      184736 kB
DirectMap2M:     4976640 kB
DirectMap1G:     3145728 kB


CPU:total 8 (4 cores per cpu, 2 threads per core) family 6 model 60 stepping 3, cmov, cx8, fxsr, mmx, sse, sse2, sse3, ssse3, sse4.1, sse4.2, popcnt, avx, avx2, aes, erms, ht, tsc, tscinvbit

/proc/cpuinfo:
processor	: 0
vendor_id	: GenuineIntel
cpu family	: 6
model		: 60
model name	: Intel(R) Core(TM) i7-4800MQ CPU @ 2.70GHz
stepping	: 3
microcode	: 0x17
cpu MHz		: 3576.128
cache size	: 6144 KB
physical id	: 0
siblings	: 8
core id		: 0
cpu cores	: 4
apicid		: 0
initial apicid	: 0
fpu		: yes
fpu_exception	: yes
cpuid level	: 13
wp		: yes
flags		: fpu vme de pse tsc msr pae mce cx8 apic sep mtrr pge mca cmov pat pse36 clflush dts acpi mmx fxsr sse sse2 ss ht tm pbe syscall nx pdpe1gb rdtscp lm constant_tsc arch_perfmon pebs bts rep_good nopl xtopology nonstop_tsc aperfmperf eagerfpu pni pclmulqdq dtes64 monitor ds_cpl vmx smx est tm2 ssse3 fma cx16 xtpr pdcm pcid sse4_1 sse4_2 x2apic movbe popcnt tsc_deadline_timer aes xsave avx f16c rdrand lahf_lm abm ida arat epb pln pts dtherm tpr_shadow vnmi flexpriority ept vpid fsgsbase tsc_adjust bmi1 hle avx2 smep bmi2 erms invpcid rtm xsaveopt
bugs		:
bogomips	: 5387.50
clflush size	: 64
cache_alignment	: 64
address sizes	: 39 bits physical, 48 bits virtual
power management:

processor	: 1
vendor_id	: GenuineIntel
cpu family	: 6
model		: 60
model name	: Intel(R) Core(TM) i7-4800MQ CPU @ 2.70GHz
stepping	: 3
microcode	: 0x17
cpu MHz		: 3599.964
cache size	: 6144 KB
physical id	: 0
siblings	: 8
core id		: 1
cpu cores	: 4
apicid		: 2
initial apicid	: 2
fpu		: yes
fpu_exception	: yes
cpuid level	: 13
wp		: yes
flags		: fpu vme de pse tsc msr pae mce cx8 apic sep mtrr pge mca cmov pat pse36 clflush dts acpi mmx fxsr sse sse2 ss ht tm pbe syscall nx pdpe1gb rdtscp lm constant_tsc arch_perfmon pebs bts rep_good nopl xtopology nonstop_tsc aperfmperf eagerfpu pni pclmulqdq dtes64 monitor ds_cpl vmx smx est tm2 ssse3 fma cx16 xtpr pdcm pcid sse4_1 sse4_2 x2apic movbe popcnt tsc_deadline_timer aes xsave avx f16c rdrand lahf_lm abm ida arat epb pln pts dtherm tpr_shadow vnmi flexpriority ept vpid fsgsbase tsc_adjust bmi1 hle avx2 smep bmi2 erms invpcid rtm xsaveopt
bugs		:
bogomips	: 5387.50
clflush size	: 64
cache_alignment	: 64
address sizes	: 39 bits physical, 48 bits virtual
power management:

processor	: 2
vendor_id	: GenuineIntel
cpu family	: 6
model		: 60
model name	: Intel(R) Core(TM) i7-4800MQ CPU @ 2.70GHz
stepping	: 3
microcode	: 0x17
cpu MHz		: 3537.316
cache size	: 6144 KB
physical id	: 0
siblings	: 8
core id		: 2
cpu cores	: 4
apicid		: 4
initial apicid	: 4
fpu		: yes
fpu_exception	: yes
cpuid level	: 13
wp		: yes
flags		: fpu vme de pse tsc msr pae mce cx8 apic sep mtrr pge mca cmov pat pse36 clflush dts acpi mmx fxsr sse sse2 ss ht tm pbe syscall nx pdpe1gb rdtscp lm constant_tsc arch_perfmon pebs bts rep_good nopl xtopology nonstop_tsc aperfmperf eagerfpu pni pclmulqdq dtes64 monitor ds_cpl vmx smx est tm2 ssse3 fma cx16 xtpr pdcm pcid sse4_1 sse4_2 x2apic movbe popcnt tsc_deadline_timer aes xsave avx f16c rdrand lahf_lm abm ida arat epb pln pts dtherm tpr_shadow vnmi flexpriority ept vpid fsgsbase tsc_adjust bmi1 hle avx2 smep bmi2 erms invpcid rtm xsaveopt
bugs		:
bogomips	: 5387.50
clflush size	: 64
cache_alignment	: 64
address sizes	: 39 bits physical, 48 bits virtual
power management:

processor	: 3
vendor_id	: GenuineIntel
cpu family	: 6
model		: 60
model name	: Intel(R) Core(TM) i7-4800MQ CPU @ 2.70GHz
stepping	: 3
microcode	: 0x17
cpu MHz		: 2864.953
cache size	: 6144 KB
physical id	: 0
siblings	: 8
core id		: 3
cpu cores	: 4
apicid		: 6
initial apicid	: 6
fpu		: yes
fpu_exception	: yes
cpuid level	: 13
wp		: yes
flags		: fpu vme de pse tsc msr pae mce cx8 apic sep mtrr pge mca cmov pat pse36 clflush dts acpi mmx fxsr sse sse2 ss ht tm pbe syscall nx pdpe1gb rdtscp lm constant_tsc arch_perfmon pebs bts rep_good nopl xtopology nonstop_tsc aperfmperf eagerfpu pni pclmulqdq dtes64 monitor ds_cpl vmx smx est tm2 ssse3 fma cx16 xtpr pdcm pcid sse4_1 sse4_2 x2apic movbe popcnt tsc_deadline_timer aes xsave avx f16c rdrand lahf_lm abm ida arat epb pln pts dtherm tpr_shadow vnmi flexpriority ept vpid fsgsbase tsc_adjust bmi1 hle avx2 smep bmi2 erms invpcid rtm xsaveopt
bugs		:
bogomips	: 5387.50
clflush size	: 64
cache_alignment	: 64
address sizes	: 39 bits physical, 48 bits virtual
power management:

processor	: 4
vendor_id	: GenuineIntel
cpu family	: 6
model		: 60
model name	: Intel(R) Core(TM) i7-4800MQ CPU @ 2.70GHz
stepping	: 3
microcode	: 0x17
cpu MHz		: 3589.734
cache size	: 6144 KB
physical id	: 0
siblings	: 8
core id		: 0
cpu cores	: 4
apicid		: 1
initial apicid	: 1
fpu		: yes
fpu_exception	: yes
cpuid level	: 13
wp		: yes
flags		: fpu vme de pse tsc msr pae mce cx8 apic sep mtrr pge mca cmov pat pse36 clflush dts acpi mmx fxsr sse sse2 ss ht tm pbe syscall nx pdpe1gb rdtscp lm constant_tsc arch_perfmon pebs bts rep_good nopl xtopology nonstop_tsc aperfmperf eagerfpu pni pclmulqdq dtes64 monitor ds_cpl vmx smx est tm2 ssse3 fma cx16 xtpr pdcm pcid sse4_1 sse4_2 x2apic movbe popcnt tsc_deadline_timer aes xsave avx f16c rdrand lahf_lm abm ida arat epb pln pts dtherm tpr_shadow vnmi flexpriority ept vpid fsgsbase tsc_adjust bmi1 hle avx2 smep bmi2 erms invpcid rtm xsaveopt
bugs		:
bogomips	: 5387.50
clflush size	: 64
cache_alignment	: 64
address sizes	: 39 bits physical, 48 bits virtual
power management:

processor	: 5
vendor_id	: GenuineIntel
cpu family	: 6
model		: 60
model name	: Intel(R) Core(TM) i7-4800MQ CPU @ 2.70GHz
stepping	: 3
microcode	: 0x17
cpu MHz		: 3553.242
cache size	: 6144 KB
physical id	: 0
siblings	: 8
core id		: 1
cpu cores	: 4
apicid		: 3
initial apicid	: 3
fpu		: yes
fpu_exception	: yes
cpuid level	: 13
wp		: yes
flags		: fpu vme de pse tsc msr pae mce cx8 apic sep mtrr pge mca cmov pat pse36 clflush dts acpi mmx fxsr sse sse2 ss ht tm pbe syscall nx pdpe1gb rdtscp lm constant_tsc arch_perfmon pebs bts rep_good nopl xtopology nonstop_tsc aperfmperf eagerfpu pni pclmulqdq dtes64 monitor ds_cpl vmx smx est tm2 ssse3 fma cx16 xtpr pdcm pcid sse4_1 sse4_2 x2apic movbe popcnt tsc_deadline_timer aes xsave avx f16c rdrand lahf_lm abm ida arat epb pln pts dtherm tpr_shadow vnmi flexpriority ept vpid fsgsbase tsc_adjust bmi1 hle avx2 smep bmi2 erms invpcid rtm xsaveopt
bugs		:
bogomips	: 5387.50
clflush size	: 64
cache_alignment	: 64
address sizes	: 39 bits physical, 48 bits virtual
power management:

processor	: 6
vendor_id	: GenuineIntel
cpu family	: 6
model		: 60
model name	: Intel(R) Core(TM) i7-4800MQ CPU @ 2.70GHz
stepping	: 3
microcode	: 0x17
cpu MHz		: 2700.316
cache size	: 6144 KB
physical id	: 0
siblings	: 8
core id		: 2
cpu cores	: 4
apicid		: 5
initial apicid	: 5
fpu		: yes
fpu_exception	: yes
cpuid level	: 13
wp		: yes
flags		: fpu vme de pse tsc msr pae mce cx8 apic sep mtrr pge mca cmov pat pse36 clflush dts acpi mmx fxsr sse sse2 ss ht tm pbe syscall nx pdpe1gb rdtscp lm constant_tsc arch_perfmon pebs bts rep_good nopl xtopology nonstop_tsc aperfmperf eagerfpu pni pclmulqdq dtes64 monitor ds_cpl vmx smx est tm2 ssse3 fma cx16 xtpr pdcm pcid sse4_1 sse4_2 x2apic movbe popcnt tsc_deadline_timer aes xsave avx f16c rdrand lahf_lm abm ida arat epb pln pts dtherm tpr_shadow vnmi flexpriority ept vpid fsgsbase tsc_adjust bmi1 hle avx2 smep bmi2 erms invpcid rtm xsaveopt
bugs		:
bogomips	: 5387.50
clflush size	: 64
cache_alignment	: 64
address sizes	: 39 bits physical, 48 bits virtual
power management:

processor	: 7
vendor_id	: GenuineIntel
cpu family	: 6
model		: 60
model name	: Intel(R) Core(TM) i7-4800MQ CPU @ 2.70GHz
stepping	: 3
microcode	: 0x17
cpu MHz		: 3058.593
cache size	: 6144 KB
physical id	: 0
siblings	: 8
core id		: 3
cpu cores	: 4
apicid		: 7
initial apicid	: 7
fpu		: yes
fpu_exception	: yes
cpuid level	: 13
wp		: yes
flags		: fpu vme de pse tsc msr pae mce cx8 apic sep mtrr pge mca cmov pat pse36 clflush dts acpi mmx fxsr sse sse2 ss ht tm pbe syscall nx pdpe1gb rdtscp lm constant_tsc arch_perfmon pebs bts rep_good nopl xtopology nonstop_tsc aperfmperf eagerfpu pni pclmulqdq dtes64 monitor ds_cpl vmx smx est tm2 ssse3 fma cx16 xtpr pdcm pcid sse4_1 sse4_2 x2apic movbe popcnt tsc_deadline_timer aes xsave avx f16c rdrand lahf_lm abm ida arat epb pln pts dtherm tpr_shadow vnmi flexpriority ept vpid fsgsbase tsc_adjust bmi1 hle avx2 smep bmi2 erms invpcid rtm xsaveopt
bugs		:
bogomips	: 5387.50
clflush size	: 64
cache_alignment	: 64
address sizes	: 39 bits physical, 48 bits virtual
power management:



Memory: 4k page, physical 8093568k(6656360k free), swap 0k(0k free)

vm_info: OpenJDK 64-Bit Server VM (24.95-b01) for linux-amd64 JRE (1.7.0_101-b00), built on Apr 24 2016 20:35:58 by "buildd" with gcc 5.2.1 20151010

time: Mon Oct 31 17:55:58 2016
elapsed time: 0 seconds

