
R version 3.3.1 (2016-06-21) -- "Bug in Your Hair"
Copyright (C) 2016 The R Foundation for Statistical Computing
Platform: x86_64-pc-linux-gnu (64-bit)

R is free software and comes with ABSOLUTELY NO WARRANTY.
You are welcome to redistribute it under certain conditions.
Type 'license()' or 'licence()' for distribution details.

  Natural language support but running in an English locale

R is a collaborative project with many contributors.
Type 'contributors()' for more information and
'citation()' on how to cite R or R packages in publications.

Type 'demo()' for some demos, 'help()' for on-line help, or
'help.start()' for an HTML browser interface to help.
Type 'q()' to quit R.

>    source("HRVFUNS.R")
Loading required package: tcltk
Loading required package: tkrplot
Loading required package: waveslim

waveslim: Wavelet Method for 1/2/3D Signals (version = 1.7.5)

Loading required package: nonlinearTseries
Loading required package: Matrix
Loading required package: rgl
Loading required package: tseries
Loading required package: TSA
Loading required package: leaps
Loading required package: locfit
locfit 1.5-9.1 	 2013-03-22
Loading required package: mgcv
Loading required package: nlme
This is mgcv 1.8-13. For overview type 'help("mgcv-package")'.

Attaching package: ‘TSA’

The following objects are masked from ‘package:stats’:

    acf, arima

The following object is masked from ‘package:utils’:

    tar

Loading required package: Rcpp

Attaching package: ‘nonlinearTseries’

The following object is masked from ‘package:grDevices’:

    contourLines

Loading required package: rJava

HADOOP_CMD=/usr/local/hadoop/bin/hadoop

Be sure to run hdfs.init()
Warning messages:
1: no DISPLAY variable so Tk is not available 
2: loading Rplot failed 
3: In rgl.init(initValue, onlyNULL) : RGL: unable to open X11 display
4: 'rgl_init' failed, running with rgl.useNULL = TRUE 
> 
>    ##supply default values
>    folder = "/HRVData/"
>    fileName = "example.beats.hrv"
>    args=(commandArgs(TRUE))
>  
>    if(length(args) != 0){
+       for(i in 1:length(args)){
+         eval(parse(text=args[[i]]))
+       }
+    }
>    
>    # connect to hdfs file system to get beats file
>    hdfs.init()
16/08/24 13:19:14 WARN util.NativeCodeLoader: Unable to load native-hadoop library for your platform... using builtin-java classes where applicable
>    beatsPath = paste(folder, fileName, sep="")
> 
>    # read json data from hdfs
>    jsonData = readJsonFromHDFS(folder, fileName)
>    df = JsonToDataFrame(jsonData)
Warning message:
In array(as.numeric(unlist(jsonData$CaculatedData)), c(row.size,  :
  NAs introduced by coercion
>    print(df)
    startTime  endTime      SDNN SDANN SDNNIDX      pNN50      SDSD     rMSSD
1        0.09   300.01 121.47983    NA       0  5.8309038 112.96822 112.81322
2      300.88   599.68  77.33641    NA       0  8.1325301  39.23303  39.17446
3      600.61   900.03  91.60247    NA       0 18.2662539  51.80267  51.72265
4      901.04  1199.15 148.31405    NA       0 25.4237288  75.10913  74.98248
5     1200.30  1500.01 170.52805    NA       0 26.7796610  81.20319  81.06704
6     1500.96  1799.81 188.85507    NA       0 31.5602837  96.31229  96.14373
7     1801.04  2099.77 188.52127    NA       0 29.3706294  90.49344  90.33543
8     2101.10  2398.80 199.47383    NA       0 34.0501792  90.27212  90.12337
9     2400.17  2699.40 179.76391    NA       0 27.1477663  81.90542  81.77792
10    2700.41  2999.20 198.39335    NA       0 34.6020761  94.38356  94.22053
11    3000.22  3299.50 174.93760    NA       0 31.8644068  77.34725  77.21640
12    3300.47  3599.75 186.48912    NA       0 30.4794521  92.63554  92.48288
13    3600.46  3899.93  79.10259    NA       0 11.1764706  32.26006  32.22166
14    3900.86  4199.90  71.58491    NA       0  2.9761905  22.76044  22.73685
15    4200.63  4499.94  19.41877    NA       0  2.8277635  20.26875  20.24274
16    4500.69  4799.98  27.49437    NA       0  2.1857923  19.68935  19.66245
17    4800.77  5099.28  28.41516    NA       0  5.3892216  23.77290  23.73759
18    5100.11  5399.88  28.35775    NA       0  3.8011696  20.83276  20.80261
19    5400.66  5699.81  41.13558    NA       0  3.3333333  21.41900  21.38925
20    5700.58  5999.54  39.74375    NA       0  3.3613445  21.28500  21.25608
21    6000.38  6299.95  95.93169    NA       0  8.4033613  28.63605  28.59943
22    6301.06  6600.04 156.40338    NA       0 25.0803859  67.85435  67.75452
23    6600.85  6900.07 161.62750    NA       0 27.0627063  78.33677  78.21018
24    6901.05  7199.35 167.65719    NA       0 31.8644068  76.40393  76.27559
25    7200.21  7499.05 180.36769    NA       0 30.7167235  79.29491  79.16372
26    7500.30  7799.52 201.87469    NA       0 33.3333333  84.51347  84.36950
27    7800.77  8100.00 169.98301    NA       0 26.2820513  76.23520  76.11984
28    8100.81  8399.74 128.23842    NA       0 23.1012658  51.35058  51.27489
29    8400.73  8699.05 146.17832    NA       0 28.6184211  63.53710  63.43252
30    8700.13  8999.62 110.61795    NA       0 19.3146417  55.56556  55.48147
31    9000.61  9299.48  32.06134    NA       0 11.6352201  30.80797  30.76079
32    9300.41  9599.48  27.79625    NA       0 10.6707317  29.52213  29.47715
33    9600.39  9899.73  26.28205    NA       0  6.5868263  26.98014  26.93972
34    9900.64 10199.72  29.61966    NA       0  4.7619048  25.93881  25.90045
35   10200.62 10499.36  29.19994    NA       0  3.5502959  25.39889  25.36129
36   10500.24 10799.60  27.70869    NA       0  2.3121387  23.23159  23.19807
37   10800.50 11099.36  27.16881    NA       0  2.0408163  22.38491  22.35416
38   11100.17 11399.55 145.73912    NA       0 21.4925373  71.32302  71.22175
39   11400.64 11699.69 169.70846    NA       0 24.3589744  65.21544  65.11577
40   11700.61 11999.79 155.60289    NA       0 22.4358974  65.59330  65.49124
41   12000.94 12299.36 155.19131    NA       0 24.1157556  59.00914  58.91844
42   12300.30 12599.21 150.99420    NA       0 24.2811502  65.64763  65.54271
43   12600.21 12899.94 160.54002    NA       0 21.3815789  62.86315  62.75999
44   12901.01 13198.65 139.82159    NA       0 19.4357367  53.61151  53.53931
45   13200.13 13499.73 148.64882    NA       0 21.2698413  58.58737  58.51333
46   13500.49 13799.76 110.55452    NA       0  7.4585635  30.55654  30.51582
47   13800.41 14099.77  72.54109    NA       0  4.8165138  31.55370  31.54653
48   14100.62 14399.58  59.03240    NA       0  1.4836795  19.55426  19.52705
49   14400.48 14699.79  84.88293    NA       0  5.8997050  24.27957  24.24676
50   14700.60 14999.60 131.85144    NA       0 20.9150327  56.25957  56.16851
51   15000.50 15299.70 150.20387    NA       0 18.3870968  55.49184  55.40467
52   15300.83 15599.50 153.43418    NA       0 15.5015198  47.01991  46.95273
53   15600.32 15899.29  88.03053    NA       0  6.1971831  23.68892  23.65837
54   15900.24 16200.08  46.09976    NA       0  7.2555205  29.44057  29.39452
55   16201.01 16499.24  65.64876    NA       0 14.3790850  36.34077  36.28140
56   16500.20 16799.72  76.74900    NA       0 23.9057239  45.96319  45.88817
57   16800.56 17099.90  94.16814    NA       0 25.7425743  51.27809  51.19367
58   17100.77 17400.08 108.22873    NA       0 18.6708861  45.55345  45.48264
59   17401.07 17699.87 156.47893    NA       0 26.0000000  71.13724  71.01878
60   17700.75 17999.41 162.46594    NA       0 23.1543624  70.35663  70.23928
61   18000.34 18299.61 203.93932    NA       0 14.9206349 103.45691 103.29339
62   18300.39 18599.82  26.33308    NA       0  0.0000000  10.21813  10.20568
63   18600.66 18899.84  33.93362    NA       0  1.6172507  15.57808  15.55791
64   18900.64 19199.51  26.03937    NA       0  0.2717391  13.43018  13.41236
65   19200.28 19499.58  59.27804    NA       0  2.8409091  22.23143  22.20130
66   19500.45 19799.93  34.54309    NA       0  0.5333333  13.40061  13.38656
67   19800.69 20099.95  29.42290    NA       0  0.5333333  15.60657  15.58632
68   20100.75 20399.28  23.36031    NA       0  0.0000000  13.29926  13.28185
69   20400.12 20699.93  28.35564    NA       0  0.2695418  14.45340  14.43453
70   20700.73 21000.06 124.10009    NA       0 14.3678161  50.57897  50.51744
71   21001.31 21299.71 131.48569    NA       0 20.6557377  55.22462  55.13917
72   21300.81 21599.83 102.35400    NA       0 26.3698630  68.18419  68.06775
73   21600.79 21899.80 156.85200    NA       0 34.0501792  92.01378  91.84879
74   21900.78 22199.25 127.58671    NA       0 26.9360269  68.27010  68.15510
75   22200.25 22499.29 126.06681    NA       0 32.6460481  67.26157  67.14604
76   22500.39 22799.42 153.90561    NA       0 25.6666667  71.41084  71.29516
77   22800.40 23099.52 112.69876    NA       0 21.9354839  46.10727  46.03295
78   23100.51 23400.06 146.70825    NA       0 22.2580645  62.58873  62.48871
79   23401.10 23699.73 160.74372    NA       0 23.9344262  61.68486  61.58827
80   23700.83 23999.36 159.68376    NA       0 23.8255034  67.61198  67.49845
81   24000.40 24299.57 149.09982    NA       0 22.8013029  62.74994  62.64787
82   24300.57 24599.28  76.43597    NA       0 26.6435986  46.40552  46.32516
83   24600.35 24899.16 126.71373    NA       0 23.5668790  51.33053  51.24874
84   24900.36 25199.33 101.03083    NA       0 22.8476821  42.00137  41.93183
85   25200.26 25499.54  81.34746    NA       0 25.2525253  55.63129  55.53838
86   25500.52 25799.68 116.83287    NA       0 17.7018634  44.19145  44.12715
87   25800.48 26099.40 157.14406    NA       0 23.3898305  73.61160  73.49161
88   26100.51 26399.49 162.96918    NA       0 19.8697068  64.57393  64.47230
89   26400.41 26699.98 117.64530    NA       0 11.5384615  39.73052  39.67011
90   26700.77 26999.95  31.54119    NA       0  0.2652520  12.98255  12.96803
91   27000.87 27299.57  42.39369    NA       0  0.2631579  11.93915  11.93182
92   27300.32 27599.40  37.14470    NA       0  0.0000000  13.06184  13.04765
93   27600.26 27899.38  31.48531    NA       0  0.2710027  12.01146  11.99593
94   27900.19 28199.74  80.43686    NA       0  3.2876712  21.85345  21.84002
95   28200.31 28499.11 160.97759    NA       0 26.9102990  73.42736  73.30589
96   28500.32 28799.51 166.17583    NA       0 24.2524917  67.78188  67.67128
97   28800.52 29099.76 172.18512    NA       0 20.9836066  83.57294  83.43840
98   29100.55 29399.94 164.22300    NA       0 25.9136213  66.99702  66.88861
99   29400.85 29700.01  81.00664    NA       0 22.0689655  48.93638  48.85588
100  29701.13 29999.99 104.03663    NA       0 36.5248227  62.01215  61.90246
101  30001.00 30299.46 133.28571    NA       0 30.3030303  59.01210  58.91271
102  30300.41 30599.73 124.81821    NA       0 20.3125000  49.30473  49.23160
103  30600.53 30899.21 150.98052    NA       0 20.7547170  54.88726  54.80956
104  30900.37 31198.79 181.00081    NA       0 16.4634146  52.48852  52.46660
    IRRR MADRR      TINN      HRVi NN50    meanRR   meanHR        ULF
1   20.0    10  81.43939 10.424242   20  854.7093 71.44084  4194.9677
2   20.0    10  92.91295 11.892857   27  886.6066 68.16135  4058.9341
3   30.0    20 148.89706 19.058824   59  923.4259 65.59978  4585.0838
4   40.0    20 121.71053 15.578947   75 1011.3851 60.43967 14286.2810
5   40.0    20 121.71053 15.578947   79 1003.5135 61.34797 21775.3630
6   50.0    20 170.07212 21.769231   89 1050.8834 58.78425 26012.6502
7   50.0    20 172.47596 22.076923   84 1037.8049 59.58630 27218.2414
8   50.0    30 218.75000 28.000000   95 1047.1071 59.21174 28628.4538
9   50.0    20 175.48077 22.461538   79 1029.7603 59.93134 23854.8270
10  60.0    30 226.56250 29.000000  100 1034.1034 59.95084 29841.1950
11  50.0    30 210.22727 26.909091   94 1014.5270 60.81951 22974.1148
12  60.0    30 176.08173 22.538462   89 1015.5631 61.04560 25976.6473
13  40.0    20  98.66898 12.629630   38  874.5455 69.19504  4244.6712
14  40.0    20 105.31250 13.480000   10  884.7181 68.28441  4097.3460
15  20.0    10  33.85417  4.333333   11  745.8205 80.50310   162.9884
16  20.0    10  47.00307  6.016393    8  766.5668 78.37048   477.8915
17  20.0    10  53.41199  6.836735   18  774.0597 77.61721   530.8404
18  20.0    10  38.28125  4.900000   13  783.7318 76.65480   452.7158
19  20.0    10  62.67361  8.022222   12  812.9917 73.98156  1211.2185
20  20.0    10  65.04360  8.325581   12  823.4637 73.02639  1189.4523
21  20.0    10 111.87500 14.320000   30  839.1341 72.36088  8192.9401
22  40.0    20 128.28947 16.421053   78  962.0513 63.81992 16792.9234
23  50.0    20 113.09524 14.476190   82  986.8092 62.34826 16562.3019
24  60.0    30 192.70833 24.666667   94 1010.9459 60.90015 17286.3582
25  50.0    30 114.84375 14.700000   90 1019.4898 60.59888 23219.9840
26  55.0    30 207.38636 26.545455   97 1023.4932 60.86977 30889.9270
27  50.0    20 174.66518 22.357143   82  948.2109 65.16548 19162.0698
28  50.0    20 145.68015 18.647059   73  945.4890 64.58956 10532.8560
29  50.0    20 148.92578 19.062500   87  976.9180 62.75333 14958.3163
30  50.0    20 132.40132 16.947368   62  927.4845 65.64754  7493.2011
31  40.0    20  57.95785  7.418605   37  922.6959 65.10493   274.5332
32  32.5    20  51.40625  6.580000   35  906.3526 66.26184   169.1555
33  37.5    20  45.91557  5.877193   22  896.1791 67.00848   150.1958
34  40.0    20  50.63101  6.480769   16  890.2374 67.47174   278.4535
35  40.0    20  54.04974  6.918367   12  883.8053 67.96175   293.4895
36  30.0    20  50.20255  6.425926    8  865.2738 69.41299   237.9237
37  35.0    20  55.98958  7.166667    7  866.5407 69.30832   183.7787
38  40.0    20 114.13043 14.608696   72  893.4226 68.73165 15280.0704
39  40.0    20 128.70066 16.473684   76  959.2013 64.31775 20833.3475
40  40.0    20 188.10096 24.076923   70  955.0160 64.37621 16518.5918
41  40.0    20 152.34375 19.500000   75  954.2628 64.45562 15692.5231
42  40.0    20 163.54167 20.933333   76  951.3057 64.61094 14953.2245
43  40.0    20 198.56771 25.416667   65  973.3770 63.25831 16408.5141
44  40.0    20 178.57143 22.857143   62  926.8750 66.19647 13507.4042
45  40.0    20 164.58333 21.066667   67  950.1899 64.66040 12979.1795
46  20.0    10 128.90625 16.500000   27  821.5978 74.29922  9661.1369
47  20.0    10  51.72822  6.621212   21  668.1007 90.72334  4088.0505
48  20.0    10  97.80093 12.518519    5  862.7811 69.86763  1571.2598
49  20.0    10 106.25000 13.600000   20  878.1471 68.93498  3852.5142
50  30.0    20 184.49519 23.615385   64  967.7524 63.08990 11325.7746
51  30.0    20 134.98264 17.277778   57  964.9196 63.64566 15273.7630
52  30.0    20 184.15179 23.571429   51  903.3333 68.18892 18809.5595
53  20.0    10  95.90517 12.275862   22  788.8483 76.92061  6532.8683
54  40.0    20  65.37829  8.368421   23  939.7799 63.99624  1102.6861
55  50.0    20  88.83102 11.370370   44  955.5375 63.09350  2580.6515
56  60.0    30  97.00521 12.416667   71 1002.0470 60.22966  2397.0923
57  55.0    30  98.95833 12.666667   78  979.1776 61.82700  5349.6335
58  40.0    20 130.34539 16.684211   59  942.9968 64.49387  8749.5996
59  50.0    30 130.64236 16.722222   78  987.8405 62.16938 15597.3875
60  50.0    20 179.68750 23.000000   69 1001.6722 61.37971 17659.3751
61  30.0    10  91.43519 11.703704   47  916.2025 67.99832 48376.4043
62  20.0    10  47.86706  6.126984    0  773.8860 77.61907   518.2028
63  20.0    10  39.81164  5.095890    6  794.4892 75.64489   820.2260
64  20.0    10  45.75893  5.857143    1  798.8618 75.18309   399.8403
65  20.0    10  62.67756  8.022727   10  824.0227 73.21246  2539.9714
66  20.0    10  71.64634  9.170732    2  794.3883 75.66986   777.0042
67  20.0    10  45.19231  5.784615    2  797.8989 75.29774   547.1564
68  20.0    10  36.07253  4.617284    0  800.3743 75.02913   282.8367
69  20.0    10  50.98684  6.526316    1  803.3602 74.77782   496.6104
70  20.0    10  66.50152  8.512195   50  851.8625 71.78684 11569.5007
71  60.0    30 119.53125 15.300000   63  966.4706 63.21727 10138.9885
72  60.0    30 127.17014 16.277778   77 1020.1706 59.36247  6357.0611
73  80.0    40 109.37500 14.000000   95 1069.1786 57.13961 20022.2732
74  60.0    30 105.82386 13.545455   80 1002.8523 60.64826 12814.0153
75  60.0    30  99.18478 12.695652   95 1027.6712 59.18486 11965.5867
76  60.0    30 117.57812 15.050000   77  995.3821 61.59184 18166.9288
77  50.0    30 151.85547 19.437500   68  952.1865 63.96655  8815.6060
78  40.0    20 186.89904 23.923077   69  964.3087 63.58060 13948.7576
79  50.0    20 159.37500 20.400000   73  979.3137 62.82979 17922.6730
80  50.0    25 166.85268 21.357143   71 1000.3010 61.51278 16400.7430
81  40.0    20 141.54412 18.117647   70  972.8247 63.15293 15593.9216
82  70.0    30 119.24342 15.263158   77 1033.5862 58.37567  2784.1910
83  50.0    25 136.71875 17.500000   74  952.0317 64.14164  9897.5944
84  60.0    30 112.72321 14.428571   69  977.6898 62.08230  5737.3516
85  60.0    30 105.82386 13.545455   75 1003.4899 60.18986  3016.2494
86  30.0    20 180.24554 23.071429   57  914.9536 66.64818  8230.3468
87  50.0    20 192.70833 24.666667   69 1000.8108 61.42244 15537.4155
88  50.0    20 200.52083 25.666667   61  960.0649 64.21183 18183.2326
89  30.0    20 101.88802 13.041667   36  943.3866 64.54046 10847.9588
90  20.0    10  56.79087  7.269231    1  789.0476 76.16002   654.4198
91  20.0    10  67.64915  8.659091    1  786.4304 76.51215  1322.7461
92  20.0    10  54.10880  6.925926    0  801.6845 74.99550   912.0065
93  20.0    10  58.99235  7.551020    1  791.9459 75.88128   795.5587
94  20.0    10  57.18750  7.320000   12  810.2186 74.63727  6002.9561
95  50.0    30 168.52679 21.571429   81  973.4768 63.25128 16094.4186
96  50.0    20 147.46094 18.875000   73  987.4503 62.34804 18139.5770
97  40.0    20 170.75893 21.857143   64  979.6078 63.21441 20160.4877
98  50.0    20 196.61458 25.166667   78  992.0530 62.10058 17572.6518
99  60.0    30 113.67188 14.550000   64 1029.1753 58.63639  3348.7175
100 80.0    40 138.18359 17.687500  103 1052.3322 57.54702  6619.1154
101 60.0    30 145.50781 18.625000   90 1004.7315 60.72478 11394.9590
102 40.0    20 109.03533 13.956522   65  924.2991 66.01653 10946.5945
103 45.0    20 207.68229 26.583333   66  931.3166 66.04466 14667.0609
104 30.0    20 111.75272 14.304348   54  905.9878 68.59450 27292.7780
           VLF         LF         HF      LFHF         TP      LFnu       HFnu
1   2161.63521 7584.21687 2661.69197 11.842128 12407.5441 0.7402190 0.25978095
2    900.73280  834.81145  260.98425 17.192516  1996.5285 0.7618313 0.23816871
3   1832.07700 1129.59738  437.45999 14.049531  3399.1344 0.7208398 0.27916016
4   5138.73818 4039.25455  866.53853 19.171065 10044.5313 0.8233642 0.17663577
5   6063.70702 3350.23430 1305.27569 12.285231 10719.2170 0.7196278 0.28037222
6   5724.19493 4310.47604 1605.58528  9.927706 11640.2562 0.7286057 0.27139429
7   5083.22316 3074.95758 1376.93243 12.391954  9535.1132 0.6907083 0.30929166
8   7833.88843 4256.31851 1347.62733 16.427650 13437.8343 0.7595217 0.24047829
9   4684.65992 3044.15132 1415.06884 16.689792  9143.8801 0.6826645 0.31733550
10  7326.60977 4020.21015 1417.16637 18.256134 12763.9863 0.7393658 0.26063422
11  4209.62112 2750.41265 1214.39620 19.821170  8174.4300 0.6937062 0.30629376
12  4817.24679 2910.94198 1435.11980 15.866512  9163.3086 0.6697884 0.33021155
13   569.79594  707.94856  311.45967  6.765224  1589.2042 0.6944701 0.30552987
14   210.59812  238.56380  159.43128  3.972061   608.5932 0.5994139 0.40058606
15    25.30865   38.16281   50.66168  1.879653   114.1331 0.4296428 0.57035717
16    66.39376   87.01979   36.02814  4.861521   189.4417 0.7072024 0.29279762
17    60.83874   72.16769   57.44297  3.010433   190.4494 0.5568037 0.44319632
18    78.20498  152.73687   52.49949  6.870653   283.4413 0.7441999 0.25580015
19   215.94054  175.67032   57.16458  6.199089   448.7754 0.7544845 0.24551553
20   111.24811  174.71305   64.67961  6.661648   350.6408 0.7298179 0.27018210
21   683.18854  888.92963  197.12167 14.322336  1769.2398 0.8184969 0.18150309
22  5571.89765 4131.60148  975.79689 13.845395 10679.2960 0.8089444 0.19105557
23  5316.09721 3208.50999 1417.33079 18.700036  9941.9380 0.6936058 0.30639420
24  6669.78341 3592.72669 1157.14211 16.448486 11419.6522 0.7563844 0.24361559
25  6008.49133 3326.90742 1090.07089 19.279164 10425.4696 0.7532089 0.24679109
26  5670.48857 2703.26479 1123.09984 13.364883  9496.8532 0.7064838 0.29351616
27  5451.25983 3874.04097 1393.05108 34.538238 10718.3519 0.7355180 0.26448201
28  3120.55427 2269.58505  614.61010 20.784158  6004.7494 0.7869041 0.21309588
29  3421.15262 2795.29712  750.78611 21.311036  6967.2358 0.7882774 0.21172264
30  1573.97724 1596.15890  797.57414 10.679390  3967.7103 0.6668074 0.33319260
31   129.97239  194.46936  224.89942  2.552626   549.3412 0.4637192 0.53628079
32   123.48953   93.75904  199.46800  1.326163   416.7166 0.3197490 0.68025104
33    53.44330  170.96396  155.43129  3.226216   379.8386 0.5237943 0.47620573
34   131.37302  154.01495  174.61435  3.744519   460.0023 0.4686586 0.53134140
35    66.93989  175.65291  189.83908  2.845050   432.4319 0.4805930 0.51940695
36    81.26958  182.38008  153.38605  3.364110   417.0357 0.5431759 0.45682408
37    65.90032  220.04049  153.74634  4.987425   439.6871 0.5886791 0.41132091
38  3085.57665 3708.83234 1172.03033 12.804510  7966.4393 0.7598723 0.24012770
39  6480.07760 3277.93868 1011.47286 26.606069 10769.4891 0.7641931 0.23580691
40  5617.89484 2449.17559  919.48735 20.616473  8986.5578 0.7270468 0.27295321
41  5923.76915 2315.44772  830.23287 19.127266  9069.4497 0.7360721 0.26392790
42  4844.87375 2179.58168  974.59932 19.871058  7999.0547 0.6910135 0.30898649
43  4804.52615 4134.73395  815.17377 39.476759  9754.4339 0.8353154 0.16468464
44  3287.89164 1898.71132  671.88864 27.797972  5858.4916 0.7386257 0.26137425
45  5037.68556 2961.52614  783.42055 27.263500  8782.6323 0.7908060 0.20919405
46  2172.85387  782.06326  188.40401 21.827161  3143.3211 0.8058626 0.19413742
47   354.48742  575.80772  237.29734 14.939979  1167.5925 0.7081591 0.29184093
48  1052.97115  749.76355   76.37997 33.289278  1879.1147 0.9075464 0.09245364
49  2626.44414  840.85902  123.22403 19.514621  3590.5272 0.8721853 0.12781474
50  4206.80526 1597.90446  598.69252 16.523423  6403.4022 0.7274454 0.27255456
51  3868.98170 3155.14672  606.59516 34.048598  7630.7236 0.8387462 0.16125380
52  3846.39772 2413.22984  389.45409 26.938440  6649.0817 0.8610425 0.13895755
53   618.68850  762.65377  142.97773 20.791381  1524.3200 0.8421237 0.15787627
54   192.51287  271.71863  406.29078  3.157378   870.5223 0.4007594 0.59924062
55   523.46927  479.44082  486.18604  3.117015  1489.0961 0.4965073 0.50349266
56  1018.63825 1275.73581  731.23686  5.676005  3025.6109 0.6356518 0.36434819
57  1178.92026 1240.00039  785.54025  6.177368  3204.4609 0.6121824 0.38781757
58  1203.34037  729.62922  596.26851  6.071031  2529.2381 0.5502907 0.44970928
59  4365.33277 4753.06316  797.73401 30.102178  9916.1299 0.8562848 0.14371522
60  4687.56824 4530.90985  803.07550 33.859060 10021.5536 0.8494417 0.15055825
61  6365.89831 4530.44021 1746.24126 12.947275 12642.5798 0.7217891 0.27821091
62    55.09341   90.21473   17.45797 10.031705   162.7661 0.8378608 0.16213922
63   219.05038  184.87003   45.56701  9.738836   449.4874 0.8022583 0.19774170
64    98.75747  129.75330   42.02405  8.127276   270.5348 0.7553574 0.24464256
65   210.42376  414.83714  149.55048  5.806620   774.8114 0.7350217 0.26497832
66   125.62977  211.44174   43.14739 13.644352   380.2189 0.8305215 0.16947851
67    87.31023  146.52208   43.25341  8.940997   277.0857 0.7720812 0.22791882
68    84.19978   99.69118   30.19471  9.676747   214.0857 0.7675290 0.23247104
69    91.23757  156.06412   51.18270  7.005714   298.4844 0.7530351 0.24696494
70  2141.71713 2494.60044  541.50181 23.106319  5177.8194 0.8216457 0.17835427
71  3491.00161 2486.30316  896.33911 22.064348  6873.6439 0.7350181 0.26498194
72  1271.31757 1341.39306 1321.64352  4.226146  3934.3542 0.5037081 0.49629191
73  2878.40161 2504.70701 2098.63610  3.438453  7481.7447 0.5441061 0.45589391
74  2424.58181 1601.07579 1377.34085  6.155344  5402.9985 0.5375594 0.46244063
75  1184.33801 2015.67526 1320.90073  3.897728  4520.9140 0.6041149 0.39588510
76  3219.87251 2355.50006 1402.78955  7.063159  6978.1621 0.6267479 0.37325212
77  1043.86358  874.53313  792.91584  6.808885  2711.3125 0.5244737 0.47552630
78  4500.38908 2948.76604  913.85275 24.783561  8363.0079 0.7634111 0.23658891
79  4629.87297 3385.14939  755.76397 27.433848  8770.7863 0.8174886 0.18251142
80  4130.34428 3932.15643  609.48650 29.193765  8671.9872 0.8658004 0.13419956
81  3009.21507 2168.45896  784.08767 18.320743  5961.7617 0.7344368 0.26556318
82   742.74586  900.69579  900.06161  3.546729  2543.5033 0.5001761 0.49982391
83  3161.13695 1823.39363  793.84498 21.521078  5778.3756 0.6966861 0.30331395
84  1805.16312 1059.63786  622.09933 10.278506  3486.9003 0.6300853 0.36991471
85   892.41695  900.64995 1121.57426  4.198776  2914.6412 0.4453759 0.55462409
86  2533.11390 2279.75026  448.73721 24.067714  5261.6014 0.8355363 0.16446372
87  4627.81212 2903.53475  764.71866 19.254036  8296.0655 0.7915306 0.20846942
88  5839.46737 2575.37025  615.19013 23.615573  9030.0278 0.8071843 0.19281570
89  1641.85197 1352.25661  369.92865 20.109713  3364.0372 0.7851981 0.21480189
90   107.24286  176.96243   40.48169 12.290346   324.6870 0.8138295 0.18617054
91   146.71077  231.80612   61.03825 14.220107   439.5551 0.7915676 0.20843237
92   227.63380  203.43238   54.13488 14.346089   485.2011 0.7898224 0.21017764
93   110.41194   86.23856   34.50706  7.514138   231.1576 0.7142169 0.28578313
94  1259.07169 1127.57750  164.47456 23.675041  2551.1237 0.8727028 0.12729716
95  5009.07724 3966.31329  880.50047 33.945649  9855.8910 0.8183342 0.18166583
96  7278.96195 3633.16517  770.66947 67.713965 11682.7966 0.8250004 0.17499964
97  4302.95970 3588.75524 1091.87305 21.199065  8983.5880 0.7667251 0.23327489
98  5734.64763 2853.58137  875.13429 24.656627  9463.3633 0.7652987 0.23470127
99   905.72575 1560.86168  745.14470  7.237029  3211.7321 0.6768679 0.32313211
100 1344.45759 1380.42401 1214.02543  3.380771  3938.9070 0.5320682 0.46793181
101 3453.39048 2122.96851 1027.29827  9.007820  6603.6573 0.6739012 0.32609882
102 2752.11028 1827.57762  714.40064 17.539510  5294.0885 0.7189588 0.28104121
103 4843.18998 3427.50771  604.98168 24.548219  8875.6794 0.8499732 0.15002685
104 5888.44693 2601.77076  863.38975 26.303547  9353.6074 0.7508370 0.24916299
          SD1       SD2      SD12     ApEn
1   12.868374 28.295874 0.4547792 1.565074
2    4.429928 16.601570 0.2668379 1.673737
3    4.846608 18.717090 0.2589402 1.909447
4    5.123370 23.190596 0.2209245 1.719082
5    5.535097 28.141735 0.1966864 1.642578
6    5.915621 28.818474 0.2052718 1.632011
7    5.565531 29.822051 0.1866247 1.632183
8    5.910573 30.770526 0.1920855 1.644292
9    5.266108 29.172673 0.1805151 1.648466
10   5.582591 31.236508 0.1787201 1.651035
11   5.374682 29.758212 0.1806117 1.684240
12   7.679851 32.430887 0.2368067 1.713662
13   3.843163 19.468822 0.1974009 1.960621
14   2.615239 17.362285 0.1506276 1.876319
15   3.339224  5.474232 0.6099895 2.207941
16   3.096733  7.867817 0.3935950 2.081122
17   3.620808  7.815855 0.4632645 2.070503
18   3.133695  7.628693 0.4107774 2.089919
19   2.899805 10.458804 0.2772597 1.963079
20   2.801838  9.939011 0.2819031 1.988689
21   3.313061 22.930527 0.1444826 1.748495
22   4.986940 27.541383 0.1810708 1.651149
23   5.507888 28.880220 0.1907149 1.610078
24   5.436693 28.500380 0.1907586 1.704158
25   5.370281 30.377182 0.1767867 1.615246
26   5.435491 35.057418 0.1550454 1.619352
27   5.999416 32.152559 0.1865922 1.580714
28   4.420714 25.282242 0.1748545 1.792611
29   4.874123 27.296595 0.1785616 1.815872
30   5.012983 24.388826 0.2055443 1.852917
31   3.308868  5.976143 0.5536795 1.938371
32   3.317304  5.248156 0.6320895 2.062866
33   3.079586  5.134059 0.5998345 2.135096
34   2.999608  6.078400 0.4934865 2.002202
35   2.981798  6.095717 0.4891628 2.084017
36   2.827184  6.118198 0.4620943 2.075592
37   2.713901  5.942839 0.4566675 2.157358
38   6.493177 29.675866 0.2188033 1.654321
39   4.873856 30.660262 0.1589633 1.645986
40   4.999261 29.119854 0.1716788 1.620585
41   4.631725 29.720123 0.1558448 1.654687
42   5.515064 29.614621 0.1862278 1.629380
43   4.757149 30.137606 0.1578476 1.565624
44   4.793138 29.524795 0.1623428 1.697086
45   4.984115 29.364409 0.1697332 1.599812
46   3.528748 29.033841 0.1215391 1.513889
47   5.612581 25.196165 0.2227554 1.630020
48   2.352460 14.343286 0.1640112 1.762467
49   2.568162 19.150345 0.1341053 1.758716
50   4.346722 24.304107 0.1788472 1.621981
51   4.354131 28.799755 0.1511864 1.519971
52   4.313464 31.910836 0.1351724 1.545009
53   2.938213 23.523346 0.1249062 1.606930
54   2.997923  8.942965 0.3352270 1.754003
55   3.470726 13.018114 0.2666074 1.989146
56   3.924363 13.531155 0.2900242 2.013254
57   4.497448 17.048788 0.2637987 1.939536
58   4.676502 22.885705 0.2043416 1.847886
59   5.295763 27.664585 0.1914275 1.730507
60   5.047947 28.037484 0.1800428 1.720543
61   8.841226 35.762938 0.2472175 1.406613
62   1.524452  7.746618 0.1967893 2.024059
63   2.160206  8.678863 0.2489042 2.069025
64   1.872466  6.886532 0.2719027 2.115082
65   2.791656 16.858069 0.1655976 1.792160
66   1.889250  9.598037 0.1968371 2.071931
67   2.245570  7.976216 0.2815332 2.047166
68   1.892221  6.415541 0.2949434 2.105214
69   2.004237  7.640797 0.2623074 2.060295
70   6.575344 27.966438 0.2351155 1.532285
71   4.479836 25.677808 0.1744633 1.763827
72   5.256524 16.013286 0.3282602 1.896131
73   5.921511 20.991804 0.2820868 1.798843
74   5.134988 19.241064 0.2668765 1.761943
75   4.957420 19.511336 0.2540789 1.899772
76   5.274990 25.852780 0.2040396 1.727742
77   4.050495 24.674804 0.1641551 1.816622
78   4.966376 27.298998 0.1819252 1.691671
79   4.672202 29.084792 0.1606407 1.645829
80   5.621928 29.215825 0.1924275 1.683253
81   5.314001 29.525087 0.1799826 1.734328
82   3.843561 12.947286 0.2968623 2.058435
83   4.410965 25.570183 0.1725042 1.830671
84   3.765871 20.966197 0.1796163 1.928222
85   4.817685 14.287556 0.3371945 2.024938
86   4.275013 25.580427 0.1671205 1.767545
87   6.220688 28.256022 0.2201544 1.685608
88   5.662557 30.724412 0.1843016 1.670863
89   3.256889 22.961998 0.1418382 1.624431
90   1.847250  8.840549 0.2089520 2.089319
91   1.703201 12.165997 0.1399968 1.978681
92   1.776765  9.899307 0.1794837 1.963642
93   1.705341  8.925883 0.1910557 2.076730
94   2.408524 17.960232 0.1341031 1.558040
95   5.945394 29.662818 0.2004325 1.663853
96   5.179181 28.895288 0.1792397 1.648774
97  10.142234 34.144336 0.2970400 1.642946
98   5.293830 29.828428 0.1774760 1.697235
99   3.862182 12.592775 0.3066983 2.029446
100  4.680569 15.865877 0.2950085 1.970412
101  4.524106 23.049880 0.1962746 1.845583
102  4.206484 24.811574 0.1695372 1.671021
103  4.661773 30.718395 0.1517584 1.640472
104  5.971566 36.198477 0.1649673 1.488634
> 
> 
> proc.time()
   user  system elapsed 
  4.932   0.396   4.147 
