nohup: ignoring input
[2016-11-11 08:49:35,769] INFO KafkaConfig values: 
	request.timeout.ms = 30000
	log.roll.hours = 168
	inter.broker.protocol.version = 0.10.0-IV1
	log.preallocate = false
	security.inter.broker.protocol = PLAINTEXT
	controller.socket.timeout.ms = 30000
	broker.id.generation.enable = true
	ssl.keymanager.algorithm = SunX509
	ssl.key.password = null
	log.cleaner.enable = true
	ssl.provider = null
	num.recovery.threads.per.data.dir = 1
	background.threads = 10
	unclean.leader.election.enable = true
	sasl.kerberos.kinit.cmd = /usr/bin/kinit
	replica.lag.time.max.ms = 10000
	ssl.endpoint.identification.algorithm = null
	sasl.mechanism.inter.broker.protocol = GSSAPI
	auto.create.topics.enable = true
	log.message.timestamp.difference.max.ms = 9223372036854775807
	zookeeper.sync.time.ms = 2000
	ssl.client.auth = none
	ssl.keystore.password = null
	offsets.topic.compression.codec = 0
	log.cleaner.io.buffer.load.factor = 0.9
	log.retention.hours = 1
	log.dirs = /media/Data/tmp/kafka-logs
	ssl.protocol = TLS
	log.index.size.max.bytes = 10485760
	sasl.kerberos.min.time.before.relogin = 60000
	broker.rack = null
	log.retention.minutes = null
	connections.max.idle.ms = 600000
	ssl.trustmanager.algorithm = PKIX
	offsets.retention.minutes = 1440
	max.connections.per.ip = 2147483647
	replica.fetch.wait.max.ms = 500
	log.message.timestamp.type = CreateTime
	metrics.num.samples = 2
	port = 9092
	offsets.retention.check.interval.ms = 600000
	log.cleaner.dedupe.buffer.size = 134217728
	log.segment.bytes = 1073741824
	group.min.session.timeout.ms = 6000
	producer.purgatory.purge.interval.requests = 1000
	min.insync.replicas = 1
	ssl.truststore.password = null
	socket.receive.buffer.bytes = 102400
	log.flush.scheduler.interval.ms = 9223372036854775807
	num.io.threads = 8
	leader.imbalance.per.broker.percentage = 10
	zookeeper.connect = master:2181,data1:2181,data2:2181
	queued.max.requests = 500
	offsets.topic.replication.factor = 3
	replica.socket.timeout.ms = 30000
	offsets.topic.segment.bytes = 104857600
	replica.high.watermark.checkpoint.interval.ms = 5000
	broker.id = 0
	ssl.keystore.location = null
	listeners = null
	log.flush.interval.messages = 9223372036854775807
	principal.builder.class = class org.apache.kafka.common.security.auth.DefaultPrincipalBuilder
	log.retention.ms = null
	offsets.commit.required.acks = -1
	sasl.kerberos.principal.to.local.rules = [DEFAULT]
	group.max.session.timeout.ms = 300000
	num.replica.fetchers = 1
	advertised.listeners = null
	replica.socket.receive.buffer.bytes = 65536
	delete.topic.enable = true
	log.index.interval.bytes = 4096
	metric.reporters = []
	compression.type = producer
	log.cleanup.policy = delete
	log.message.format.version = 0.10.0-IV1
	controlled.shutdown.max.retries = 3
	log.cleaner.threads = 1
	quota.window.size.seconds = 1
	zookeeper.connection.timeout.ms = 6000
	offsets.load.buffer.size = 5242880
	zookeeper.session.timeout.ms = 6000
	ssl.cipher.suites = null
	authorizer.class.name = 
	sasl.kerberos.ticket.renew.jitter = 0.05
	sasl.enabled.mechanisms = [GSSAPI]
	sasl.kerberos.service.name = null
	controlled.shutdown.enable = true
	offsets.topic.num.partitions = 50
	quota.window.num = 11
	message.max.bytes = 1000012
	log.cleaner.backoff.ms = 15000
	log.roll.jitter.hours = 0
	log.retention.check.interval.ms = 300000
	replica.fetch.max.bytes = 1048576
	log.cleaner.delete.retention.ms = 86400000
	fetch.purgatory.purge.interval.requests = 1000
	log.cleaner.min.cleanable.ratio = 0.5
	offsets.commit.timeout.ms = 5000
	zookeeper.set.acl = false
	log.retention.bytes = -1
	offset.metadata.max.bytes = 4096
	leader.imbalance.check.interval.seconds = 300
	quota.consumer.default = 9223372036854775807
	log.roll.jitter.ms = null
	reserved.broker.max.id = 1000
	replica.fetch.backoff.ms = 1000
	advertised.host.name = null
	quota.producer.default = 9223372036854775807
	log.cleaner.io.buffer.size = 524288
	controlled.shutdown.retry.backoff.ms = 5000
	log.dir = /tmp/kafka-logs
	log.flush.offset.checkpoint.interval.ms = 60000
	log.segment.delete.delay.ms = 60000
	num.partitions = 3
	num.network.threads = 3
	socket.request.max.bytes = 104857600
	sasl.kerberos.ticket.renew.window.factor = 0.8
	log.roll.ms = null
	ssl.enabled.protocols = [TLSv1.2, TLSv1.1, TLSv1]
	socket.send.buffer.bytes = 102400
	log.flush.interval.ms = null
	ssl.truststore.location = null
	log.cleaner.io.max.bytes.per.second = 1.7976931348623157E308
	default.replication.factor = 1
	metrics.sample.window.ms = 30000
	auto.leader.rebalance.enable = true
	host.name = 
	ssl.truststore.type = JKS
	advertised.port = null
	max.connections.per.ip.overrides = 
	replica.fetch.min.bytes = 1
	ssl.keystore.type = JKS
 (kafka.server.KafkaConfig)
[2016-11-11 08:49:35,896] INFO starting (kafka.server.KafkaServer)
[2016-11-11 08:49:35,904] INFO Connecting to zookeeper on master:2181,data1:2181,data2:2181 (kafka.server.KafkaServer)
[2016-11-11 08:49:35,951] INFO Starting ZkClient event thread. (org.I0Itec.zkclient.ZkEventThread)
[2016-11-11 08:49:35,958] INFO Client environment:zookeeper.version=3.4.6-1569965, built on 02/20/2014 09:09 GMT (org.apache.zookeeper.ZooKeeper)
[2016-11-11 08:49:35,958] INFO Client environment:host.name=master (org.apache.zookeeper.ZooKeeper)
[2016-11-11 08:49:35,960] INFO Client environment:java.version=1.7.0_111 (org.apache.zookeeper.ZooKeeper)
[2016-11-11 08:49:35,960] INFO Client environment:java.vendor=Oracle Corporation (org.apache.zookeeper.ZooKeeper)
[2016-11-11 08:49:35,960] INFO Client environment:java.home=/usr/lib/jvm/java-7-openjdk-amd64/jre (org.apache.zookeeper.ZooKeeper)
[2016-11-11 08:49:35,960] INFO Client environment:java.class.path=:/media/Data/hadoop_ecosystem/hive/lib:/media/Data/hadoop_ecosystem/storm/lib:/media/Data/hadoop_ecosystem/kafka/bin/../libs/aopalliance-repackaged-2.4.0-b34.jar:/media/Data/hadoop_ecosystem/kafka/bin/../libs/argparse4j-0.5.0.jar:/media/Data/hadoop_ecosystem/kafka/bin/../libs/connect-api-0.10.0.1.jar:/media/Data/hadoop_ecosystem/kafka/bin/../libs/connect-file-0.10.0.1.jar:/media/Data/hadoop_ecosystem/kafka/bin/../libs/connect-json-0.10.0.1.jar:/media/Data/hadoop_ecosystem/kafka/bin/../libs/connect-runtime-0.10.0.1.jar:/media/Data/hadoop_ecosystem/kafka/bin/../libs/guava-18.0.jar:/media/Data/hadoop_ecosystem/kafka/bin/../libs/hk2-api-2.4.0-b34.jar:/media/Data/hadoop_ecosystem/kafka/bin/../libs/hk2-locator-2.4.0-b34.jar:/media/Data/hadoop_ecosystem/kafka/bin/../libs/hk2-utils-2.4.0-b34.jar:/media/Data/hadoop_ecosystem/kafka/bin/../libs/jackson-annotations-2.6.0.jar:/media/Data/hadoop_ecosystem/kafka/bin/../libs/jackson-core-2.6.3.jar:/media/Data/hadoop_ecosystem/kafka/bin/../libs/jackson-databind-2.6.3.jar:/media/Data/hadoop_ecosystem/kafka/bin/../libs/jackson-jaxrs-base-2.6.3.jar:/media/Data/hadoop_ecosystem/kafka/bin/../libs/jackson-jaxrs-json-provider-2.6.3.jar:/media/Data/hadoop_ecosystem/kafka/bin/../libs/jackson-module-jaxb-annotations-2.6.3.jar:/media/Data/hadoop_ecosystem/kafka/bin/../libs/javassist-3.18.2-GA.jar:/media/Data/hadoop_ecosystem/kafka/bin/../libs/javax.annotation-api-1.2.jar:/media/Data/hadoop_ecosystem/kafka/bin/../libs/javax.inject-1.jar:/media/Data/hadoop_ecosystem/kafka/bin/../libs/javax.inject-2.4.0-b34.jar:/media/Data/hadoop_ecosystem/kafka/bin/../libs/javax.servlet-api-3.1.0.jar:/media/Data/hadoop_ecosystem/kafka/bin/../libs/javax.ws.rs-api-2.0.1.jar:/media/Data/hadoop_ecosystem/kafka/bin/../libs/jersey-client-2.22.2.jar:/media/Data/hadoop_ecosystem/kafka/bin/../libs/jersey-common-2.22.2.jar:/media/Data/hadoop_ecosystem/kafka/bin/../libs/jersey-container-servlet-2.22.2.jar:/media/Data/hadoop_ecosystem/kafka/bin/../libs/jersey-container-servlet-core-2.22.2.jar:/media/Data/hadoop_ecosystem/kafka/bin/../libs/jersey-guava-2.22.2.jar:/media/Data/hadoop_ecosystem/kafka/bin/../libs/jersey-media-jaxb-2.22.2.jar:/media/Data/hadoop_ecosystem/kafka/bin/../libs/jersey-server-2.22.2.jar:/media/Data/hadoop_ecosystem/kafka/bin/../libs/jetty-continuation-9.2.15.v20160210.jar:/media/Data/hadoop_ecosystem/kafka/bin/../libs/jetty-http-9.2.15.v20160210.jar:/media/Data/hadoop_ecosystem/kafka/bin/../libs/jetty-io-9.2.15.v20160210.jar:/media/Data/hadoop_ecosystem/kafka/bin/../libs/jetty-security-9.2.15.v20160210.jar:/media/Data/hadoop_ecosystem/kafka/bin/../libs/jetty-server-9.2.15.v20160210.jar:/media/Data/hadoop_ecosystem/kafka/bin/../libs/jetty-servlet-9.2.15.v20160210.jar:/media/Data/hadoop_ecosystem/kafka/bin/../libs/jetty-servlets-9.2.15.v20160210.jar:/media/Data/hadoop_ecosystem/kafka/bin/../libs/jetty-util-9.2.15.v20160210.jar:/media/Data/hadoop_ecosystem/kafka/bin/../libs/jopt-simple-4.9.jar:/media/Data/hadoop_ecosystem/kafka/bin/../libs/kafka_2.11-0.10.0.1.jar:/media/Data/hadoop_ecosystem/kafka/bin/../libs/kafka_2.11-0.10.0.1-sources.jar:/media/Data/hadoop_ecosystem/kafka/bin/../libs/kafka_2.11-0.10.0.1-test-sources.jar:/media/Data/hadoop_ecosystem/kafka/bin/../libs/kafka-clients-0.10.0.1.jar:/media/Data/hadoop_ecosystem/kafka/bin/../libs/kafka-log4j-appender-0.10.0.1.jar:/media/Data/hadoop_ecosystem/kafka/bin/../libs/kafka-streams-0.10.0.1.jar:/media/Data/hadoop_ecosystem/kafka/bin/../libs/kafka-streams-examples-0.10.0.1.jar:/media/Data/hadoop_ecosystem/kafka/bin/../libs/kafka-tools-0.10.0.1.jar:/media/Data/hadoop_ecosystem/kafka/bin/../libs/log4j-1.2.17.jar:/media/Data/hadoop_ecosystem/kafka/bin/../libs/lz4-1.3.0.jar:/media/Data/hadoop_ecosystem/kafka/bin/../libs/metrics-core-2.2.0.jar:/media/Data/hadoop_ecosystem/kafka/bin/../libs/osgi-resource-locator-1.0.1.jar:/media/Data/hadoop_ecosystem/kafka/bin/../libs/reflections-0.9.10.jar:/media/Data/hadoop_ecosystem/kafka/bin/../libs/rocksdbjni-4.8.0.jar:/media/Data/hadoop_ecosystem/kafka/bin/../libs/scala-library-2.11.8.jar:/media/Data/hadoop_ecosystem/kafka/bin/../libs/scala-parser-combinators_2.11-1.0.4.jar:/media/Data/hadoop_ecosystem/kafka/bin/../libs/slf4j-api-1.7.21.jar:/media/Data/hadoop_ecosystem/kafka/bin/../libs/slf4j-log4j12-1.7.21.jar:/media/Data/hadoop_ecosystem/kafka/bin/../libs/snappy-java-1.1.2.6.jar:/media/Data/hadoop_ecosystem/kafka/bin/../libs/validation-api-1.1.0.Final.jar:/media/Data/hadoop_ecosystem/kafka/bin/../libs/zkclient-0.8.jar:/media/Data/hadoop_ecosystem/kafka/bin/../libs/zookeeper-3.4.6.jar (org.apache.zookeeper.ZooKeeper)
[2016-11-11 08:49:35,960] INFO Client environment:java.library.path=/media/Data/hadoop_ecosystem/hadoop/lib/native::/usr/java/packages/lib/amd64:/usr/lib/x86_64-linux-gnu/jni:/lib/x86_64-linux-gnu:/usr/lib/x86_64-linux-gnu:/usr/lib/jni:/lib:/usr/lib (org.apache.zookeeper.ZooKeeper)
[2016-11-11 08:49:35,960] INFO Client environment:java.io.tmpdir=/tmp (org.apache.zookeeper.ZooKeeper)
[2016-11-11 08:49:35,960] INFO Client environment:java.compiler=<NA> (org.apache.zookeeper.ZooKeeper)
[2016-11-11 08:49:35,960] INFO Client environment:os.name=Linux (org.apache.zookeeper.ZooKeeper)
[2016-11-11 08:49:35,960] INFO Client environment:os.arch=amd64 (org.apache.zookeeper.ZooKeeper)
[2016-11-11 08:49:35,960] INFO Client environment:os.version=4.2.0-27-generic (org.apache.zookeeper.ZooKeeper)
[2016-11-11 08:49:35,960] INFO Client environment:user.name=hduser (org.apache.zookeeper.ZooKeeper)
[2016-11-11 08:49:35,960] INFO Client environment:user.home=/home/hduser (org.apache.zookeeper.ZooKeeper)
[2016-11-11 08:49:35,961] INFO Client environment:user.dir=/media/Data/workspace/kafka (org.apache.zookeeper.ZooKeeper)
[2016-11-11 08:49:35,961] INFO Initiating client connection, connectString=master:2181,data1:2181,data2:2181 sessionTimeout=6000 watcher=org.I0Itec.zkclient.ZkClient@3e25e2b8 (org.apache.zookeeper.ZooKeeper)
[2016-11-11 08:49:35,981] INFO Waiting for keeper state SyncConnected (org.I0Itec.zkclient.ZkClient)
[2016-11-11 08:49:35,992] INFO Opening socket connection to server master/172.18.161.250:2181. Will not attempt to authenticate using SASL (unknown error) (org.apache.zookeeper.ClientCnxn)
[2016-11-11 08:49:36,005] INFO Socket connection established to master/172.18.161.250:2181, initiating session (org.apache.zookeeper.ClientCnxn)
[2016-11-11 08:49:36,103] INFO Session establishment complete on server master/172.18.161.250:2181, sessionid = 0x15850da965f0000, negotiated timeout = 6000 (org.apache.zookeeper.ClientCnxn)
[2016-11-11 08:49:36,107] INFO zookeeper state changed (SyncConnected) (org.I0Itec.zkclient.ZkClient)
[2016-11-11 08:49:36,565] INFO Loading logs. (kafka.log.LogManager)
[2016-11-11 08:49:36,730] WARN Found a corrupted index file, /media/Data/tmp/kafka-logs/test-0/00000000000000000283.index, deleting and rebuilding index... (kafka.log.Log)
[2016-11-11 08:49:36,743] INFO Recovering unflushed segment 283 in log test-0. (kafka.log.Log)
[2016-11-11 08:49:36,746] INFO Completed load of log test-0 with log end offset 283 (kafka.log.Log)
[2016-11-11 08:49:36,770] WARN Found a corrupted index file, /media/Data/tmp/kafka-logs/beats-1/00000000000000000340.index, deleting and rebuilding index... (kafka.log.Log)
[2016-11-11 08:49:36,771] INFO Recovering unflushed segment 340 in log beats-1. (kafka.log.Log)
[2016-11-11 08:49:36,771] INFO Completed load of log beats-1 with log end offset 340 (kafka.log.Log)
[2016-11-11 08:49:36,775] WARN Found a corrupted index file, /media/Data/tmp/kafka-logs/beats_test-2/00000000000000000001.index, deleting and rebuilding index... (kafka.log.Log)
[2016-11-11 08:49:36,775] INFO Recovering unflushed segment 1 in log beats_test-2. (kafka.log.Log)
[2016-11-11 08:49:36,776] INFO Completed load of log beats_test-2 with log end offset 1 (kafka.log.Log)
[2016-11-11 08:49:36,780] INFO Logs loading complete. (kafka.log.LogManager)
[2016-11-11 08:49:36,869] INFO Starting log cleanup with a period of 300000 ms. (kafka.log.LogManager)
[2016-11-11 08:49:36,871] INFO Starting log flusher with a default period of 9223372036854775807 ms. (kafka.log.LogManager)
[2016-11-11 08:49:37,012] INFO Awaiting socket connections on 0.0.0.0:9092. (kafka.network.Acceptor)
[2016-11-11 08:49:37,014] INFO [Socket Server on Broker 0], Started 1 acceptor threads (kafka.network.SocketServer)
[2016-11-11 08:49:37,049] INFO [ExpirationReaper-0], Starting  (kafka.server.DelayedOperationPurgatory$ExpiredOperationReaper)
[2016-11-11 08:49:37,050] INFO [ExpirationReaper-0], Starting  (kafka.server.DelayedOperationPurgatory$ExpiredOperationReaper)
[2016-11-11 08:49:37,113] INFO Creating /controller (is it secure? false) (kafka.utils.ZKCheckedEphemeral)
[2016-11-11 08:49:37,154] INFO Result of znode creation is: OK (kafka.utils.ZKCheckedEphemeral)
[2016-11-11 08:49:37,155] INFO 0 successfully elected as leader (kafka.server.ZookeeperLeaderElector)
[2016-11-11 08:49:37,656] INFO New leader is 0 (kafka.server.ZookeeperLeaderElector$LeaderChangeListener)
[2016-11-11 08:49:37,659] INFO [ExpirationReaper-0], Starting  (kafka.server.DelayedOperationPurgatory$ExpiredOperationReaper)
[2016-11-11 08:49:37,659] INFO [ExpirationReaper-0], Starting  (kafka.server.DelayedOperationPurgatory$ExpiredOperationReaper)
[2016-11-11 08:49:37,691] INFO [Group Metadata Manager on Broker 0]: Removed 0 expired offsets in 10 milliseconds. (kafka.coordinator.GroupMetadataManager)
[2016-11-11 08:49:37,692] INFO [GroupCoordinator 0]: Starting up. (kafka.coordinator.GroupCoordinator)
[2016-11-11 08:49:37,692] INFO [GroupCoordinator 0]: Startup complete. (kafka.coordinator.GroupCoordinator)
[2016-11-11 08:49:37,718] INFO [ThrottledRequestReaper-Produce], Starting  (kafka.server.ClientQuotaManager$ThrottledRequestReaper)
[2016-11-11 08:49:37,719] INFO [ThrottledRequestReaper-Fetch], Starting  (kafka.server.ClientQuotaManager$ThrottledRequestReaper)
[2016-11-11 08:49:37,723] INFO Will not load MX4J, mx4j-tools.jar is not in the classpath (kafka.utils.Mx4jLoader$)
[2016-11-11 08:49:37,741] INFO Creating /brokers/ids/0 (is it secure? false) (kafka.utils.ZKCheckedEphemeral)
[2016-11-11 08:49:37,802] INFO Result of znode creation is: OK (kafka.utils.ZKCheckedEphemeral)
[2016-11-11 08:49:37,807] INFO Registered broker 0 at path /brokers/ids/0 with addresses: PLAINTEXT -> EndPoint(master,9092,PLAINTEXT) (kafka.utils.ZkUtils)
[2016-11-11 08:49:37,854] INFO Kafka version : 0.10.0.1 (org.apache.kafka.common.utils.AppInfoParser)
[2016-11-11 08:49:37,854] INFO Kafka commitId : a7a17cdec9eaa6c5 (org.apache.kafka.common.utils.AppInfoParser)
[2016-11-11 08:49:37,856] INFO [Kafka Server 0], started (kafka.server.KafkaServer)
[2016-11-11 08:49:38,224] INFO [ReplicaFetcherManager on broker 0] Removed fetcher for partitions [beats_test,2],[test,0],[beats,1] (kafka.server.ReplicaFetcherManager)
[2016-11-11 08:49:38,291] INFO [ReplicaFetcherManager on broker 0] Removed fetcher for partitions [beats_test,2],[test,0],[beats,1] (kafka.server.ReplicaFetcherManager)
[2016-11-11 08:49:47,796] INFO [Kafka Server 0], shutting down (kafka.server.KafkaServer)
[2016-11-11 08:49:47,801] INFO [Kafka Server 0], Starting controlled shutdown (kafka.server.KafkaServer)
[2016-11-11 08:49:47,980] INFO [Kafka Server 0], Controlled shutdown succeeded (kafka.server.KafkaServer)
[2016-11-11 08:49:47,985] INFO [Socket Server on Broker 0], Shutting down (kafka.network.SocketServer)
[2016-11-11 08:49:47,994] INFO [Socket Server on Broker 0], Shutdown completed (kafka.network.SocketServer)
[2016-11-11 08:49:47,995] INFO [Kafka Request Handler on Broker 0], shutting down (kafka.server.KafkaRequestHandlerPool)
[2016-11-11 08:49:47,997] INFO [Kafka Request Handler on Broker 0], shut down completely (kafka.server.KafkaRequestHandlerPool)
[2016-11-11 08:49:48,000] INFO [ThrottledRequestReaper-Produce], Shutting down (kafka.server.ClientQuotaManager$ThrottledRequestReaper)
[2016-11-11 08:49:48,724] INFO [ThrottledRequestReaper-Produce], Stopped  (kafka.server.ClientQuotaManager$ThrottledRequestReaper)
[2016-11-11 08:49:48,727] INFO [ThrottledRequestReaper-Produce], Shutdown completed (kafka.server.ClientQuotaManager$ThrottledRequestReaper)
[2016-11-11 08:49:48,727] INFO [ThrottledRequestReaper-Fetch], Shutting down (kafka.server.ClientQuotaManager$ThrottledRequestReaper)
[2016-11-11 08:49:49,723] INFO [ThrottledRequestReaper-Fetch], Stopped  (kafka.server.ClientQuotaManager$ThrottledRequestReaper)
[2016-11-11 08:49:49,723] INFO [ThrottledRequestReaper-Fetch], Shutdown completed (kafka.server.ClientQuotaManager$ThrottledRequestReaper)
[2016-11-11 08:49:49,725] INFO [KafkaApi-0] Shutdown complete. (kafka.server.KafkaApis)
[2016-11-11 08:49:49,732] INFO [Replica Manager on Broker 0]: Shutting down (kafka.server.ReplicaManager)
[2016-11-11 08:49:49,733] INFO [ReplicaFetcherManager on broker 0] shutting down (kafka.server.ReplicaFetcherManager)
[2016-11-11 08:49:49,737] INFO [ReplicaFetcherManager on broker 0] shutdown completed (kafka.server.ReplicaFetcherManager)
[2016-11-11 08:49:49,738] INFO [ExpirationReaper-0], Shutting down (kafka.server.DelayedOperationPurgatory$ExpiredOperationReaper)
[2016-11-11 08:49:49,873] INFO [ExpirationReaper-0], Stopped  (kafka.server.DelayedOperationPurgatory$ExpiredOperationReaper)
[2016-11-11 08:49:49,873] INFO [ExpirationReaper-0], Shutdown completed (kafka.server.DelayedOperationPurgatory$ExpiredOperationReaper)
[2016-11-11 08:49:49,873] INFO [ExpirationReaper-0], Shutting down (kafka.server.DelayedOperationPurgatory$ExpiredOperationReaper)
[2016-11-11 08:49:50,073] INFO [ExpirationReaper-0], Stopped  (kafka.server.DelayedOperationPurgatory$ExpiredOperationReaper)
[2016-11-11 08:49:50,074] INFO [ExpirationReaper-0], Shutdown completed (kafka.server.DelayedOperationPurgatory$ExpiredOperationReaper)
[2016-11-11 08:49:50,211] INFO [Replica Manager on Broker 0]: Shut down completely (kafka.server.ReplicaManager)
[2016-11-11 08:49:50,215] INFO Shutting down. (kafka.log.LogManager)
[2016-11-11 08:49:50,307] INFO Shutdown complete. (kafka.log.LogManager)
[2016-11-11 08:49:50,310] INFO [GroupCoordinator 0]: Shutting down. (kafka.coordinator.GroupCoordinator)
[2016-11-11 08:49:50,311] INFO [ExpirationReaper-0], Shutting down (kafka.server.DelayedOperationPurgatory$ExpiredOperationReaper)
[2016-11-11 08:49:50,482] INFO [ExpirationReaper-0], Stopped  (kafka.server.DelayedOperationPurgatory$ExpiredOperationReaper)
[2016-11-11 08:49:50,482] INFO [ExpirationReaper-0], Shutdown completed (kafka.server.DelayedOperationPurgatory$ExpiredOperationReaper)
[2016-11-11 08:49:50,482] INFO [ExpirationReaper-0], Shutting down (kafka.server.DelayedOperationPurgatory$ExpiredOperationReaper)
[2016-11-11 08:49:50,682] INFO [ExpirationReaper-0], Stopped  (kafka.server.DelayedOperationPurgatory$ExpiredOperationReaper)
[2016-11-11 08:49:50,682] INFO [ExpirationReaper-0], Shutdown completed (kafka.server.DelayedOperationPurgatory$ExpiredOperationReaper)
[2016-11-11 08:49:50,684] INFO [GroupCoordinator 0]: Shutdown complete. (kafka.coordinator.GroupCoordinator)
[2016-11-11 08:49:50,713] INFO Terminate ZkClient event thread. (org.I0Itec.zkclient.ZkEventThread)
[2016-11-11 08:49:50,757] INFO Session: 0x15850da965f0000 closed (org.apache.zookeeper.ZooKeeper)
[2016-11-11 08:49:50,757] INFO EventThread shut down (org.apache.zookeeper.ClientCnxn)
[2016-11-11 08:49:50,761] INFO [Kafka Server 0], shut down completed (kafka.server.KafkaServer)
